[INFO] Scanning for projects...
[INFO] 
[INFO] ----------------------< com.zerofiltre:zerodash >-----------------------
[INFO] Building zerodash 0.0.1-SNAPSHOT
[INFO] --------------------------------[ jar ]---------------------------------
[INFO] 
[INFO] --- maven-clean-plugin:3.1.0:clean (default-clean) @ zerodash ---
[INFO] Deleting C:\Users\philippesimo\Downloads\zerodash\target
[INFO] 
[INFO] --- maven-resources-plugin:3.1.0:resources (default-resources) @ zerodash ---
[INFO] Using 'UTF-8' encoding to copy filtered resources.
[INFO] Copying 3 resources
[INFO] Copying 2 resources
[INFO] 
[INFO] --- maven-compiler-plugin:3.8.1:compile (default-compile) @ zerodash ---
[INFO] Changes detected - recompiling the module!
[INFO] Compiling 29 source files to C:\Users\philippesimo\Downloads\zerodash\target\classes
[INFO] 
[INFO] --- maven-resources-plugin:3.1.0:testResources (default-testResources) @ zerodash ---
[INFO] Using 'UTF-8' encoding to copy filtered resources.
[INFO] Copying 4 resources
[INFO] 
[INFO] --- maven-compiler-plugin:3.8.1:testCompile (default-testCompile) @ zerodash ---
[INFO] Changes detected - recompiling the module!
[INFO] Compiling 7 source files to C:\Users\philippesimo\Downloads\zerodash\target\test-classes
[INFO] 
[INFO] --- maven-surefire-plugin:2.22.2:test (default-test) @ zerodash ---
[INFO] 
[INFO] -------------------------------------------------------
[INFO]  T E S T S
[INFO] -------------------------------------------------------
[INFO] Running com.zerofiltre.zerodash.dao.UserDAOTest
21:33:28.523 [main] DEBUG org.springframework.test.context.BootstrapUtils - Instantiating CacheAwareContextLoaderDelegate from class [org.springframework.test.context.cache.DefaultCacheAwareContextLoaderDelegate]
21:33:28.556 [main] DEBUG org.springframework.test.context.BootstrapUtils - Instantiating BootstrapContext using constructor [public org.springframework.test.context.support.DefaultBootstrapContext(java.lang.Class,org.springframework.test.context.CacheAwareContextLoaderDelegate)]
21:33:28.616 [main] DEBUG org.springframework.test.context.BootstrapUtils - Instantiating TestContextBootstrapper for test class [com.zerofiltre.zerodash.dao.UserDAOTest] from class [org.springframework.boot.test.context.SpringBootTestContextBootstrapper]
21:33:28.649 [main] INFO org.springframework.boot.test.context.SpringBootTestContextBootstrapper - Neither @ContextConfiguration nor @ContextHierarchy found for test class [com.zerofiltre.zerodash.dao.UserDAOTest], using SpringBootContextLoader
21:33:28.658 [main] DEBUG org.springframework.test.context.support.AbstractContextLoader - Did not detect default resource location for test class [com.zerofiltre.zerodash.dao.UserDAOTest]: class path resource [com/zerofiltre/zerodash/dao/UserDAOTest-context.xml] does not exist
21:33:28.658 [main] DEBUG org.springframework.test.context.support.AbstractContextLoader - Did not detect default resource location for test class [com.zerofiltre.zerodash.dao.UserDAOTest]: class path resource [com/zerofiltre/zerodash/dao/UserDAOTestContext.groovy] does not exist
21:33:28.659 [main] INFO org.springframework.test.context.support.AbstractContextLoader - Could not detect default resource locations for test class [com.zerofiltre.zerodash.dao.UserDAOTest]: no resource found for suffixes {-context.xml, Context.groovy}.
21:33:28.737 [main] DEBUG org.springframework.test.context.support.ActiveProfilesUtils - Could not find an 'annotation declaring class' for annotation type [org.springframework.test.context.ActiveProfiles] and class [com.zerofiltre.zerodash.dao.UserDAOTest]
21:33:29.101 [main] DEBUG org.springframework.boot.test.context.SpringBootTestContextBootstrapper - @TestExecutionListeners is not present for class [com.zerofiltre.zerodash.dao.UserDAOTest]: using defaults.
21:33:29.103 [main] INFO org.springframework.boot.test.context.SpringBootTestContextBootstrapper - Loaded default TestExecutionListener class names from location [META-INF/spring.factories]: [org.springframework.boot.test.mock.mockito.MockitoTestExecutionListener, org.springframework.boot.test.mock.mockito.ResetMocksTestExecutionListener, org.springframework.boot.test.autoconfigure.restdocs.RestDocsTestExecutionListener, org.springframework.boot.test.autoconfigure.web.client.MockRestServiceServerResetTestExecutionListener, org.springframework.boot.test.autoconfigure.web.servlet.MockMvcPrintOnlyOnFailureTestExecutionListener, org.springframework.boot.test.autoconfigure.web.servlet.WebDriverTestExecutionListener, org.springframework.test.context.web.ServletTestExecutionListener, org.springframework.test.context.support.DirtiesContextBeforeModesTestExecutionListener, org.springframework.test.context.support.DependencyInjectionTestExecutionListener, org.springframework.test.context.support.DirtiesContextTestExecutionListener, org.springframework.test.context.transaction.TransactionalTestExecutionListener, org.springframework.test.context.jdbc.SqlScriptsTestExecutionListener, org.springframework.test.context.event.EventPublishingTestExecutionListener, org.springframework.security.test.context.support.WithSecurityContextTestExecutionListener, org.springframework.security.test.context.support.ReactorContextTestExecutionListener]
21:33:29.198 [main] INFO org.springframework.boot.test.context.SpringBootTestContextBootstrapper - Using TestExecutionListeners: [org.springframework.test.context.web.ServletTestExecutionListener@5386659f, org.springframework.test.context.support.DirtiesContextBeforeModesTestExecutionListener@14028087, org.springframework.boot.test.mock.mockito.MockitoTestExecutionListener@cecf639, org.springframework.boot.test.autoconfigure.SpringBootDependencyInjectionTestExecutionListener@1caa0244, org.springframework.test.context.support.DirtiesContextTestExecutionListener@7ce026d3, org.springframework.test.context.transaction.TransactionalTestExecutionListener@7ce69770, org.springframework.test.context.jdbc.SqlScriptsTestExecutionListener@1750fbeb, org.springframework.test.context.event.EventPublishingTestExecutionListener@5b247367, org.springframework.security.test.context.support.WithSecurityContextTestExecutionListener@268f106e, org.springframework.security.test.context.support.ReactorContextTestExecutionListener@6e9a5ed8, org.springframework.boot.test.mock.mockito.ResetMocksTestExecutionListener@7e057f43, org.springframework.boot.test.autoconfigure.restdocs.RestDocsTestExecutionListener@6c284af, org.springframework.boot.test.autoconfigure.web.client.MockRestServiceServerResetTestExecutionListener@5890e879, org.springframework.boot.test.autoconfigure.web.servlet.MockMvcPrintOnlyOnFailureTestExecutionListener@6440112d, org.springframework.boot.test.autoconfigure.web.servlet.WebDriverTestExecutionListener@31ea9581]
21:33:29.219 [main] DEBUG org.springframework.test.context.support.AbstractDirtiesContextTestExecutionListener - Before test class: context [DefaultTestContext@59402b8f testClass = UserDAOTest, testInstance = [null], testMethod = [null], testException = [null], mergedContextConfiguration = [WebMergedContextConfiguration@7188af83 testClass = UserDAOTest, locations = '{}', classes = '{class com.zerofiltre.zerodash.ZerodashApplication, class com.zerofiltre.zerodash.ZerodashApplication}', contextInitializerClasses = '[]', activeProfiles = '{}', propertySourceLocations = '{}', propertySourceProperties = '{org.springframework.boot.test.context.SpringBootTestContextBootstrapper=true, server.port=0}', contextCustomizers = set[org.springframework.boot.test.context.filter.ExcludeFilterContextCustomizer@217ed35e, org.springframework.boot.test.json.DuplicateJsonObjectContextCustomizerFactory$DuplicateJsonObjectContextCustomizer@31190526, org.springframework.boot.test.mock.mockito.MockitoContextCustomizer@0, org.springframework.boot.test.web.client.TestRestTemplateContextCustomizer@4d1c00d0, org.springframework.boot.test.autoconfigure.properties.PropertyMappingContextCustomizer@0, org.springframework.boot.test.autoconfigure.web.servlet.WebDriverContextCustomizerFactory$Customizer@61322f9d], resourceBasePath = 'src/main/webapp', contextLoader = 'org.springframework.boot.test.context.SpringBootContextLoader', parent = [null]], attributes = map['org.springframework.test.context.web.ServletTestExecutionListener.activateListener' -> false]], class annotated with @DirtiesContext [true] with mode [BEFORE_EACH_TEST_METHOD].
21:33:29.246 [main] DEBUG org.springframework.test.context.support.DependencyInjectionTestExecutionListener - Performing dependency injection for test context [[DefaultTestContext@59402b8f testClass = UserDAOTest, testInstance = com.zerofiltre.zerodash.dao.UserDAOTest@1a245833, testMethod = [null], testException = [null], mergedContextConfiguration = [WebMergedContextConfiguration@7188af83 testClass = UserDAOTest, locations = '{}', classes = '{class com.zerofiltre.zerodash.ZerodashApplication, class com.zerofiltre.zerodash.ZerodashApplication}', contextInitializerClasses = '[]', activeProfiles = '{}', propertySourceLocations = '{}', propertySourceProperties = '{org.springframework.boot.test.context.SpringBootTestContextBootstrapper=true, server.port=0}', contextCustomizers = set[org.springframework.boot.test.context.filter.ExcludeFilterContextCustomizer@217ed35e, org.springframework.boot.test.json.DuplicateJsonObjectContextCustomizerFactory$DuplicateJsonObjectContextCustomizer@31190526, org.springframework.boot.test.mock.mockito.MockitoContextCustomizer@0, org.springframework.boot.test.web.client.TestRestTemplateContextCustomizer@4d1c00d0, org.springframework.boot.test.autoconfigure.properties.PropertyMappingContextCustomizer@0, org.springframework.boot.test.autoconfigure.web.servlet.WebDriverContextCustomizerFactory$Customizer@61322f9d], resourceBasePath = 'src/main/webapp', contextLoader = 'org.springframework.boot.test.context.SpringBootContextLoader', parent = [null]], attributes = map['org.springframework.test.context.web.ServletTestExecutionListener.activateListener' -> false]]].
21:33:29.293 [main] DEBUG org.springframework.test.context.support.TestPropertySourceUtils - Adding inlined properties to environment: {spring.jmx.enabled=false, org.springframework.boot.test.context.SpringBootTestContextBootstrapper=true, server.port=0}

  .   ____          _            __ _ _
 /\\ / ___'_ __ _ _(_)_ __  __ _ \ \ \ \
( ( )\___ | '_ | '_| | '_ \/ _` | \ \ \ \
 \\/  ___)| |_)| | | | | || (_| |  ) ) ) )
  '  |____| .__|_| |_|_| |_\__, | / / / /
 =========|_|==============|___/=/_/_/_/
 :: Spring Boot ::        (v2.2.2.RELEASE)

2020-02-06 21:33:29,965 INFO  [main] org.springframework.boot.StartupInfoLogger: Starting UserDAOTest on LAPTOP-T2RE67N6 with PID 11952 (started by philippe SIMO in C:\Users\philippesimo\Downloads\zerodash)
2020-02-06 21:33:29,968 DEBUG [main] org.springframework.boot.StartupInfoLogger: Running with Spring Boot v2.2.2.RELEASE, Spring v5.2.2.RELEASE
2020-02-06 21:33:29,969 INFO  [main] org.springframework.boot.SpringApplication: No active profile set, falling back to default profiles: default
Hibernate: drop table zduser if exists
Hibernate: create table zduser (id integer generated by default as identity, email varchar(255), password varchar(255), phone_number varchar(255), role varchar(255), primary key (id))
2020-02-06 21:33:40.047  INFO 11952 --- [           main] c.o.m.g.b.GraphQLWebAutoConfiguration    : Building GraphQLObjectMapper including errorHandler: com.zerofiltre.zerodash.utils.error.handler.GraphQLExceptionHandler@26be9a6
2020-02-06 21:33:40,047 INFO  [main] com.oembedler.moon.graphql.boot.GraphQLWebAutoConfiguration: Building GraphQLObjectMapper including errorHandler: com.zerofiltre.zerodash.utils.error.handler.GraphQLExceptionHandler@26be9a6
2020-02-06 21:33:40.259 DEBUG 11952 --- [           main] i.m.c.u.i.logging.InternalLoggerFactory  : Using SLF4J as the default logging framework
2020-02-06 21:33:40,259 DEBUG [main] io.micrometer.core.util.internal.logging.InternalLoggerFactory: Using SLF4J as the default logging framework
2020-02-06 21:33:40,979 WARN  [main] org.springframework.boot.autoconfigure.orm.jpa.JpaBaseConfiguration$JpaWebConfiguration: spring.jpa.open-in-view is enabled by default. Therefore, database queries may be performed during view rendering. Explicitly configure spring.jpa.open-in-view to disable this warning
2020-02-06 21:33:40.979  WARN 11952 --- [           main] JpaBaseConfiguration$JpaWebConfiguration : spring.jpa.open-in-view is enabled by default. Therefore, database queries may be performed during view rendering. Explicitly configure spring.jpa.open-in-view to disable this warning
2020-02-06 21:33:40,979 WARN  [main] org.springframework.boot.autoconfigure.orm.jpa.JpaBaseConfiguration$JpaWebConfiguration: spring.jpa.open-in-view is enabled by default. Therefore, database queries may be performed during view rendering. Explicitly configure spring.jpa.open-in-view to disable this warning
2020-02-06 21:33:44,038 INFO  [main] org.springframework.boot.StartupInfoLogger: Started UserDAOTest in 14.74 seconds (JVM running for 17.149)

  .   ____          _            __ _ _
 /\\ / ___'_ __ _ _(_)_ __  __ _ \ \ \ \
( ( )\___ | '_ | '_| | '_ \/ _` | \ \ \ \
 \\/  ___)| |_)| | | | | || (_| |  ) ) ) )
  '  |____| .__|_| |_|_| |_\__, | / / / /
 =========|_|==============|___/=/_/_/_/
 :: Spring Boot ::        (v2.2.2.RELEASE)

2020-02-06 21:33:44,694 INFO  [main] org.springframework.boot.StartupInfoLogger: Starting UserDAOTest on LAPTOP-T2RE67N6 with PID 11952 (started by philippe SIMO in C:\Users\philippesimo\Downloads\zerodash)
2020-02-06 21:33:44,694 DEBUG [main] org.springframework.boot.StartupInfoLogger: Running with Spring Boot v2.2.2.RELEASE, Spring v5.2.2.RELEASE
2020-02-06 21:33:44,696 INFO  [main] org.springframework.boot.SpringApplication: No active profile set, falling back to default profiles: default
2020-02-06 21:33:45,711 WARN  [main] org.apache.juli.logging.DirectJDKLog: The MBean registry cannot be disabled because it has already been initialised
2020-02-06 21:33:45.711  WARN 11952 --- [           main] org.apache.tomcat.util.modeler.Registry  : The MBean registry cannot be disabled because it has already been initialised
2020-02-06 21:33:45,711 WARN  [main] org.apache.juli.logging.DirectJDKLog: The MBean registry cannot be disabled because it has already been initialised
Hibernate: drop table zduser if exists
Hibernate: create table zduser (id integer generated by default as identity, email varchar(255), password varchar(255), phone_number varchar(255), role varchar(255), primary key (id))
2020-02-06 21:33:46.675  INFO 11952 --- [           main] c.o.m.g.b.GraphQLWebAutoConfiguration    : Building GraphQLObjectMapper including errorHandler: com.zerofiltre.zerodash.utils.error.handler.GraphQLExceptionHandler@42d65ffc
2020-02-06 21:33:46,675 INFO  [main] com.oembedler.moon.graphql.boot.GraphQLWebAutoConfiguration: Building GraphQLObjectMapper including errorHandler: com.zerofiltre.zerodash.utils.error.handler.GraphQLExceptionHandler@42d65ffc
2020-02-06 21:33:47,210 WARN  [main] org.springframework.boot.autoconfigure.orm.jpa.JpaBaseConfiguration$JpaWebConfiguration: spring.jpa.open-in-view is enabled by default. Therefore, database queries may be performed during view rendering. Explicitly configure spring.jpa.open-in-view to disable this warning
2020-02-06 21:33:47.210  WARN 11952 --- [           main] JpaBaseConfiguration$JpaWebConfiguration : spring.jpa.open-in-view is enabled by default. Therefore, database queries may be performed during view rendering. Explicitly configure spring.jpa.open-in-view to disable this warning
2020-02-06 21:33:47,210 WARN  [main] org.springframework.boot.autoconfigure.orm.jpa.JpaBaseConfiguration$JpaWebConfiguration: spring.jpa.open-in-view is enabled by default. Therefore, database queries may be performed during view rendering. Explicitly configure spring.jpa.open-in-view to disable this warning
2020-02-06 21:33:48,776 INFO  [main] org.springframework.boot.StartupInfoLogger: Started UserDAOTest in 4.174 seconds (JVM running for 21.887)
Hibernate: select zduser0_.id as id1_0_, zduser0_.email as email2_0_, zduser0_.password as password3_0_, zduser0_.phone_number as phone_nu4_0_, zduser0_.role as role5_0_ from zduser zduser0_
Hibernate: insert into zduser (id, email, password, phone_number, role) values (null, ?, ?, ?, ?)
Hibernate: select zduser0_.id as id1_0_, zduser0_.email as email2_0_, zduser0_.password as password3_0_, zduser0_.phone_number as phone_nu4_0_, zduser0_.role as role5_0_ from zduser zduser0_

  .   ____          _            __ _ _
 /\\ / ___'_ __ _ _(_)_ __  __ _ \ \ \ \
( ( )\___ | '_ | '_| | '_ \/ _` | \ \ \ \
 \\/  ___)| |_)| | | | | || (_| |  ) ) ) )
  '  |____| .__|_| |_|_| |_\__, | / / / /
 =========|_|==============|___/=/_/_/_/
 :: Spring Boot ::        (v2.2.2.RELEASE)

2020-02-06 21:33:49,945 INFO  [main] org.springframework.boot.StartupInfoLogger: Starting UserDAOTest on LAPTOP-T2RE67N6 with PID 11952 (started by philippe SIMO in C:\Users\philippesimo\Downloads\zerodash)
2020-02-06 21:33:49,945 DEBUG [main] org.springframework.boot.StartupInfoLogger: Running with Spring Boot v2.2.2.RELEASE, Spring v5.2.2.RELEASE
2020-02-06 21:33:49,946 INFO  [main] org.springframework.boot.SpringApplication: No active profile set, falling back to default profiles: default
2020-02-06 21:33:50,865 WARN  [main] org.apache.juli.logging.DirectJDKLog: The MBean registry cannot be disabled because it has already been initialised
2020-02-06 21:33:50.865  WARN 11952 --- [           main] org.apache.tomcat.util.modeler.Registry  : The MBean registry cannot be disabled because it has already been initialised
2020-02-06 21:33:50,865 WARN  [main] org.apache.juli.logging.DirectJDKLog: The MBean registry cannot be disabled because it has already been initialised
Hibernate: drop table zduser if exists
Hibernate: create table zduser (id integer generated by default as identity, email varchar(255), password varchar(255), phone_number varchar(255), role varchar(255), primary key (id))
2020-02-06 21:33:51.842  INFO 11952 --- [           main] c.o.m.g.b.GraphQLWebAutoConfiguration    : Building GraphQLObjectMapper including errorHandler: com.zerofiltre.zerodash.utils.error.handler.GraphQLExceptionHandler@5f0bcadb
2020-02-06 21:33:51,842 INFO  [main] com.oembedler.moon.graphql.boot.GraphQLWebAutoConfiguration: Building GraphQLObjectMapper including errorHandler: com.zerofiltre.zerodash.utils.error.handler.GraphQLExceptionHandler@5f0bcadb
2020-02-06 21:33:52,388 WARN  [main] org.springframework.boot.autoconfigure.orm.jpa.JpaBaseConfiguration$JpaWebConfiguration: spring.jpa.open-in-view is enabled by default. Therefore, database queries may be performed during view rendering. Explicitly configure spring.jpa.open-in-view to disable this warning
2020-02-06 21:33:52.388  WARN 11952 --- [           main] JpaBaseConfiguration$JpaWebConfiguration : spring.jpa.open-in-view is enabled by default. Therefore, database queries may be performed during view rendering. Explicitly configure spring.jpa.open-in-view to disable this warning
2020-02-06 21:33:52,388 WARN  [main] org.springframework.boot.autoconfigure.orm.jpa.JpaBaseConfiguration$JpaWebConfiguration: spring.jpa.open-in-view is enabled by default. Therefore, database queries may be performed during view rendering. Explicitly configure spring.jpa.open-in-view to disable this warning
2020-02-06 21:33:53,812 INFO  [main] org.springframework.boot.StartupInfoLogger: Started UserDAOTest in 3.987 seconds (JVM running for 26.922)
Hibernate: insert into zduser (id, email, password, phone_number, role) values (null, ?, ?, ?, ?)
Hibernate: select zduser0_.id as id1_0_, zduser0_.email as email2_0_, zduser0_.password as password3_0_, zduser0_.phone_number as phone_nu4_0_, zduser0_.role as role5_0_ from zduser zduser0_ where zduser0_.phone_number=?
Hibernate: select zduser0_.id as id1_0_, zduser0_.email as email2_0_, zduser0_.password as password3_0_, zduser0_.phone_number as phone_nu4_0_, zduser0_.role as role5_0_ from zduser zduser0_ where zduser0_.email=?
[INFO] Tests run: 2, Failures: 0, Errors: 0, Skipped: 0, Time elapsed: 25.45 s - in com.zerofiltre.zerodash.dao.UserDAOTest
[INFO] Running com.zerofiltre.zerodash.presentation.graphql.resolver.mutation.UserMutationTest

  .   ____          _            __ _ _
 /\\ / ___'_ __ _ _(_)_ __  __ _ \ \ \ \
( ( )\___ | '_ | '_| | '_ \/ _` | \ \ \ \
 \\/  ___)| |_)| | | | | || (_| |  ) ) ) )
  '  |____| .__|_| |_|_| |_\__, | / / / /
 =========|_|==============|___/=/_/_/_/
 :: Spring Boot ::        (v2.2.2.RELEASE)

2020-02-06 21:33:54,841 INFO  [main] org.springframework.boot.StartupInfoLogger: Starting UserMutationTest on LAPTOP-T2RE67N6 with PID 11952 (started by philippe SIMO in C:\Users\philippesimo\Downloads\zerodash)
2020-02-06 21:33:54,842 DEBUG [main] org.springframework.boot.StartupInfoLogger: Running with Spring Boot v2.2.2.RELEASE, Spring v5.2.2.RELEASE
2020-02-06 21:33:54,843 INFO  [main] org.springframework.boot.SpringApplication: No active profile set, falling back to default profiles: default
2020-02-06 21:33:55,731 WARN  [main] org.apache.juli.logging.DirectJDKLog: The MBean registry cannot be disabled because it has already been initialised
2020-02-06 21:33:55.731  WARN 11952 --- [           main] org.apache.tomcat.util.modeler.Registry  : The MBean registry cannot be disabled because it has already been initialised
2020-02-06 21:33:55,731 WARN  [main] org.apache.juli.logging.DirectJDKLog: The MBean registry cannot be disabled because it has already been initialised
Hibernate: drop table zduser if exists
Hibernate: create table zduser (id integer generated by default as identity, email varchar(255), password varchar(255), phone_number varchar(255), role varchar(255), primary key (id))
2020-02-06 21:33:56.593  INFO 11952 --- [           main] c.o.m.g.b.GraphQLWebAutoConfiguration    : Building GraphQLObjectMapper including errorHandler: com.zerofiltre.zerodash.utils.error.handler.GraphQLExceptionHandler@2de5eb04
2020-02-06 21:33:56,593 INFO  [main] com.oembedler.moon.graphql.boot.GraphQLWebAutoConfiguration: Building GraphQLObjectMapper including errorHandler: com.zerofiltre.zerodash.utils.error.handler.GraphQLExceptionHandler@2de5eb04
2020-02-06 21:33:57,035 WARN  [main] org.springframework.boot.autoconfigure.orm.jpa.JpaBaseConfiguration$JpaWebConfiguration: spring.jpa.open-in-view is enabled by default. Therefore, database queries may be performed during view rendering. Explicitly configure spring.jpa.open-in-view to disable this warning
2020-02-06 21:33:57.035  WARN 11952 --- [           main] JpaBaseConfiguration$JpaWebConfiguration : spring.jpa.open-in-view is enabled by default. Therefore, database queries may be performed during view rendering. Explicitly configure spring.jpa.open-in-view to disable this warning
2020-02-06 21:33:57,035 WARN  [main] org.springframework.boot.autoconfigure.orm.jpa.JpaBaseConfiguration$JpaWebConfiguration: spring.jpa.open-in-view is enabled by default. Therefore, database queries may be performed during view rendering. Explicitly configure spring.jpa.open-in-view to disable this warning
2020-02-06 21:33:58,374 INFO  [main] org.springframework.boot.StartupInfoLogger: Started UserMutationTest in 3.678 seconds (JVM running for 31.484)
2020-02-06 21:33:58.889 DEBUG 11952 --- [o-auto-4-exec-1] graphql.GraphQL                          : Executing request. operation name: 'null'. query: 'mutation {
    createUser(email: "name@zerodash.com",phoneNumber: "123456789",password: "mypassword"){
        id
        role
    }
}
'. variables '{}'
2020-02-06 21:33:58,889 DEBUG [http-nio-auto-4-exec-1] graphql.GraphQL: Executing request. operation name: 'null'. query: 'mutation {
    createUser(email: "name@zerodash.com",phoneNumber: "123456789",password: "mypassword"){
        id
        role
    }
}
'. variables '{}'
2020-02-06 21:33:58.907 DEBUG 11952 --- [o-auto-4-exec-1] graphql.GraphQL                          : Parsing query: 'mutation {
    createUser(email: "name@zerodash.com",phoneNumber: "123456789",password: "mypassword"){
        id
        role
    }
}
'...
2020-02-06 21:33:58,907 DEBUG [http-nio-auto-4-exec-1] graphql.GraphQL: Parsing query: 'mutation {
    createUser(email: "name@zerodash.com",phoneNumber: "123456789",password: "mypassword"){
        id
        role
    }
}
'...
2020-02-06 21:33:58.940 DEBUG 11952 --- [o-auto-4-exec-1] graphql.GraphQL                          : Validating query: 'mutation {
    createUser(email: "name@zerodash.com",phoneNumber: "123456789",password: "mypassword"){
        id
        role
    }
}
'
2020-02-06 21:33:58,940 DEBUG [http-nio-auto-4-exec-1] graphql.GraphQL: Validating query: 'mutation {
    createUser(email: "name@zerodash.com",phoneNumber: "123456789",password: "mypassword"){
        id
        role
    }
}
'
2020-02-06 21:33:58.999 DEBUG 11952 --- [o-auto-4-exec-1] graphql.GraphQL                          : Executing '241259aa-2d3c-47b3-9681-f840c0268815'. operation name: 'null'. query: 'mutation {
    createUser(email: "name@zerodash.com",phoneNumber: "123456789",password: "mypassword"){
        id
        role
    }
}
'. variables '{}'
2020-02-06 21:33:58,999 DEBUG [http-nio-auto-4-exec-1] graphql.GraphQL: Executing '241259aa-2d3c-47b3-9681-f840c0268815'. operation name: 'null'. query: 'mutation {
    createUser(email: "name@zerodash.com",phoneNumber: "123456789",password: "mypassword"){
        id
        role
    }
}
'. variables '{}'
2020-02-06 21:33:59.026 DEBUG 11952 --- [o-auto-4-exec-1] graphql.execution.Execution              : Executing '241259aa-2d3c-47b3-9681-f840c0268815' query operation: 'MUTATION' using 'graphql.execution.AsyncExecutionStrategy' execution strategy
2020-02-06 21:33:59,026 DEBUG [http-nio-auto-4-exec-1] graphql.execution.Execution: Executing '241259aa-2d3c-47b3-9681-f840c0268815' query operation: 'MUTATION' using 'graphql.execution.AsyncExecutionStrategy' execution strategy
2020-02-06 21:33:59.048 DEBUG 11952 --- [o-auto-4-exec-1] graphql.execution.ExecutionStrategy      : '241259aa-2d3c-47b3-9681-f840c0268815' fetching field '/createUser' using data fetcher 'graphql.execution.instrumentation.dataloader.DataLoaderDispatcherInstrumentation$$Lambda$1397/1299672579'...
2020-02-06 21:33:59,048 DEBUG [http-nio-auto-4-exec-1] graphql.execution.ExecutionStrategy: '241259aa-2d3c-47b3-9681-f840c0268815' fetching field '/createUser' using data fetcher 'graphql.execution.instrumentation.dataloader.DataLoaderDispatcherInstrumentation$$Lambda$1397/1299672579'...
Hibernate: select zduser0_.id as id1_0_, zduser0_.email as email2_0_, zduser0_.password as password3_0_, zduser0_.phone_number as phone_nu4_0_, zduser0_.role as role5_0_ from zduser zduser0_ where zduser0_.email=?
Hibernate: select zduser0_.id as id1_0_, zduser0_.email as email2_0_, zduser0_.password as password3_0_, zduser0_.phone_number as phone_nu4_0_, zduser0_.role as role5_0_ from zduser zduser0_ where zduser0_.phone_number=?
Hibernate: insert into zduser (id, email, password, phone_number, role) values (null, ?, ?, ?, ?)
2020-02-06 21:33:59.322 DEBUG 11952 --- [o-auto-4-exec-1] .i.d.DataLoaderDispatcherInstrumentation : Dispatching data loaders ([])
2020-02-06 21:33:59,322 DEBUG [http-nio-auto-4-exec-1] graphql.execution.instrumentation.dataloader.FieldLevelTrackingApproach: Dispatching data loaders ([])
2020-02-06 21:33:59.376 DEBUG 11952 --- [o-auto-4-exec-1] graphql.execution.ExecutionStrategy      : '241259aa-2d3c-47b3-9681-f840c0268815' field '/createUser' fetch returned 'com.zerofiltre.zerodash.model.ZDUser'
2020-02-06 21:33:59,376 DEBUG [http-nio-auto-4-exec-1] graphql.execution.ExecutionStrategy: '241259aa-2d3c-47b3-9681-f840c0268815' field '/createUser' fetch returned 'com.zerofiltre.zerodash.model.ZDUser'
2020-02-06 21:33:59.386 DEBUG 11952 --- [o-auto-4-exec-1] graphql.execution.ExecutionStrategy      : '241259aa-2d3c-47b3-9681-f840c0268815' completing field '/createUser'...
2020-02-06 21:33:59,386 DEBUG [http-nio-auto-4-exec-1] graphql.execution.ExecutionStrategy: '241259aa-2d3c-47b3-9681-f840c0268815' completing field '/createUser'...
2020-02-06 21:33:59.387 DEBUG 11952 --- [o-auto-4-exec-1] graphql.execution.ExecutionStrategy      : '241259aa-2d3c-47b3-9681-f840c0268815' fetching field '/createUser/id' using data fetcher 'graphql.execution.instrumentation.dataloader.DataLoaderDispatcherInstrumentation$$Lambda$1397/1299672579'...
2020-02-06 21:33:59,387 DEBUG [http-nio-auto-4-exec-1] graphql.execution.ExecutionStrategy: '241259aa-2d3c-47b3-9681-f840c0268815' fetching field '/createUser/id' using data fetcher 'graphql.execution.instrumentation.dataloader.DataLoaderDispatcherInstrumentation$$Lambda$1397/1299672579'...
2020-02-06 21:33:59.389 DEBUG 11952 --- [o-auto-4-exec-1] .i.d.DataLoaderDispatcherInstrumentation : Dispatching data loaders ([])
2020-02-06 21:33:59,389 DEBUG [http-nio-auto-4-exec-1] graphql.execution.instrumentation.dataloader.FieldLevelTrackingApproach: Dispatching data loaders ([])
2020-02-06 21:33:59.389 DEBUG 11952 --- [o-auto-4-exec-1] graphql.execution.ExecutionStrategy      : '241259aa-2d3c-47b3-9681-f840c0268815' field '/createUser/id' fetch returned 'java.lang.Integer'
2020-02-06 21:33:59,389 DEBUG [http-nio-auto-4-exec-1] graphql.execution.ExecutionStrategy: '241259aa-2d3c-47b3-9681-f840c0268815' field '/createUser/id' fetch returned 'java.lang.Integer'
2020-02-06 21:33:59.390 DEBUG 11952 --- [o-auto-4-exec-1] graphql.execution.ExecutionStrategy      : '241259aa-2d3c-47b3-9681-f840c0268815' completing field '/createUser/id'...
2020-02-06 21:33:59,390 DEBUG [http-nio-auto-4-exec-1] graphql.execution.ExecutionStrategy: '241259aa-2d3c-47b3-9681-f840c0268815' completing field '/createUser/id'...
2020-02-06 21:33:59.397 DEBUG 11952 --- [o-auto-4-exec-1] graphql.execution.ExecutionStrategy      : '241259aa-2d3c-47b3-9681-f840c0268815' fetching field '/createUser/role' using data fetcher 'graphql.execution.instrumentation.dataloader.DataLoaderDispatcherInstrumentation$$Lambda$1397/1299672579'...
2020-02-06 21:33:59,397 DEBUG [http-nio-auto-4-exec-1] graphql.execution.ExecutionStrategy: '241259aa-2d3c-47b3-9681-f840c0268815' fetching field '/createUser/role' using data fetcher 'graphql.execution.instrumentation.dataloader.DataLoaderDispatcherInstrumentation$$Lambda$1397/1299672579'...
2020-02-06 21:33:59.398 DEBUG 11952 --- [o-auto-4-exec-1] .i.d.DataLoaderDispatcherInstrumentation : Dispatching data loaders ([])
2020-02-06 21:33:59,398 DEBUG [http-nio-auto-4-exec-1] graphql.execution.instrumentation.dataloader.FieldLevelTrackingApproach: Dispatching data loaders ([])
2020-02-06 21:33:59.400 DEBUG 11952 --- [o-auto-4-exec-1] graphql.execution.ExecutionStrategy      : '241259aa-2d3c-47b3-9681-f840c0268815' field '/createUser/role' fetch returned 'java.lang.String'
2020-02-06 21:33:59,400 DEBUG [http-nio-auto-4-exec-1] graphql.execution.ExecutionStrategy: '241259aa-2d3c-47b3-9681-f840c0268815' field '/createUser/role' fetch returned 'java.lang.String'
2020-02-06 21:33:59.401 DEBUG 11952 --- [o-auto-4-exec-1] graphql.execution.ExecutionStrategy      : '241259aa-2d3c-47b3-9681-f840c0268815' completing field '/createUser/role'...
2020-02-06 21:33:59,401 DEBUG [http-nio-auto-4-exec-1] graphql.execution.ExecutionStrategy: '241259aa-2d3c-47b3-9681-f840c0268815' completing field '/createUser/role'...
2020-02-06 21:33:59.409 DEBUG 11952 --- [o-auto-4-exec-1] graphql.GraphQL                          : Execution '241259aa-2d3c-47b3-9681-f840c0268815' completed with zero errors
2020-02-06 21:33:59,409 DEBUG [http-nio-auto-4-exec-1] graphql.GraphQL: Execution '241259aa-2d3c-47b3-9681-f840c0268815' completed with zero errors
2020-02-06 21:33:59.497 DEBUG 11952 --- [           main] c.j.jsonpath.internal.path.CompiledPath  : Evaluating path: $['data']['createUser']['id']
2020-02-06 21:33:59,497 DEBUG [main] com.jayway.jsonpath.internal.path.CompiledPath: Evaluating path: $['data']['createUser']['id']
2020-02-06 21:33:59.510 DEBUG 11952 --- [           main] c.j.jsonpath.internal.path.CompiledPath  : Evaluating path: $['data']['createUser']['role']
2020-02-06 21:33:59,510 DEBUG [main] com.jayway.jsonpath.internal.path.CompiledPath: Evaluating path: $['data']['createUser']['role']
[INFO] Tests run: 1, Failures: 0, Errors: 0, Skipped: 0, Time elapsed: 5.54 s - in com.zerofiltre.zerodash.presentation.graphql.resolver.mutation.UserMutationTest
[INFO] Running com.zerofiltre.zerodash.presentation.graphql.resolver.query.UserQueryTest

  .   ____          _            __ _ _
 /\\ / ___'_ __ _ _(_)_ __  __ _ \ \ \ \
( ( )\___ | '_ | '_| | '_ \/ _` | \ \ \ \
 \\/  ___)| |_)| | | | | || (_| |  ) ) ) )
  '  |____| .__|_| |_|_| |_\__, | / / / /
 =========|_|==============|___/=/_/_/_/
 :: Spring Boot ::        (v2.2.2.RELEASE)

2020-02-06 21:34:00,237 INFO  [main] org.springframework.boot.StartupInfoLogger: Starting UserQueryTest on LAPTOP-T2RE67N6 with PID 11952 (started by philippe SIMO in C:\Users\philippesimo\Downloads\zerodash)
2020-02-06 21:34:00,238 DEBUG [main] org.springframework.boot.StartupInfoLogger: Running with Spring Boot v2.2.2.RELEASE, Spring v5.2.2.RELEASE
2020-02-06 21:34:00,239 INFO  [main] org.springframework.boot.SpringApplication: No active profile set, falling back to default profiles: default
2020-02-06 21:34:01,235 WARN  [main] org.apache.juli.logging.DirectJDKLog: The MBean registry cannot be disabled because it has already been initialised
2020-02-06 21:34:01.235  WARN 11952 --- [           main] org.apache.tomcat.util.modeler.Registry  : The MBean registry cannot be disabled because it has already been initialised
2020-02-06 21:34:01,235 WARN  [main] org.apache.juli.logging.DirectJDKLog: The MBean registry cannot be disabled because it has already been initialised
Hibernate: drop table zduser if exists
Hibernate: create table zduser (id integer generated by default as identity, email varchar(255), password varchar(255), phone_number varchar(255), role varchar(255), primary key (id))
2020-02-06 21:34:02.229  INFO 11952 --- [           main] c.o.m.g.b.GraphQLWebAutoConfiguration    : Building GraphQLObjectMapper including errorHandler: com.zerofiltre.zerodash.utils.error.handler.GraphQLExceptionHandler@5d33426a
2020-02-06 21:34:02,229 INFO  [main] com.oembedler.moon.graphql.boot.GraphQLWebAutoConfiguration: Building GraphQLObjectMapper including errorHandler: com.zerofiltre.zerodash.utils.error.handler.GraphQLExceptionHandler@5d33426a
2020-02-06 21:34:02,684 WARN  [main] org.springframework.boot.autoconfigure.orm.jpa.JpaBaseConfiguration$JpaWebConfiguration: spring.jpa.open-in-view is enabled by default. Therefore, database queries may be performed during view rendering. Explicitly configure spring.jpa.open-in-view to disable this warning
2020-02-06 21:34:02.684  WARN 11952 --- [           main] JpaBaseConfiguration$JpaWebConfiguration : spring.jpa.open-in-view is enabled by default. Therefore, database queries may be performed during view rendering. Explicitly configure spring.jpa.open-in-view to disable this warning
2020-02-06 21:34:02,684 WARN  [main] org.springframework.boot.autoconfigure.orm.jpa.JpaBaseConfiguration$JpaWebConfiguration: spring.jpa.open-in-view is enabled by default. Therefore, database queries may be performed during view rendering. Explicitly configure spring.jpa.open-in-view to disable this warning
2020-02-06 21:34:04,045 INFO  [main] org.springframework.boot.StartupInfoLogger: Started UserQueryTest in 3.906 seconds (JVM running for 37.155)
Hibernate: select zduser0_.id as id1_0_, zduser0_.email as email2_0_, zduser0_.password as password3_0_, zduser0_.phone_number as phone_nu4_0_, zduser0_.role as role5_0_ from zduser zduser0_ where zduser0_.email=?
Hibernate: select zduser0_.id as id1_0_, zduser0_.email as email2_0_, zduser0_.password as password3_0_, zduser0_.phone_number as phone_nu4_0_, zduser0_.role as role5_0_ from zduser zduser0_ where zduser0_.phone_number=?
Hibernate: insert into zduser (id, email, password, phone_number, role) values (null, ?, ?, ?, ?)
Hibernate: select zduser0_.id as id1_0_, zduser0_.email as email2_0_, zduser0_.password as password3_0_, zduser0_.phone_number as phone_nu4_0_, zduser0_.role as role5_0_ from zduser zduser0_ limit ?
[INFO] Tests run: 1, Failures: 0, Errors: 0, Skipped: 0, Time elapsed: 4.662 s - in com.zerofiltre.zerodash.presentation.graphql.resolver.query.UserQueryTest
[INFO] Running com.zerofiltre.zerodash.presentation.security.GraphqlSecurityTests

  .   ____          _            __ _ _
 /\\ / ___'_ __ _ _(_)_ __  __ _ \ \ \ \
( ( )\___ | '_ | '_| | '_ \/ _` | \ \ \ \
 \\/  ___)| |_)| | | | | || (_| |  ) ) ) )
  '  |____| .__|_| |_|_| |_\__, | / / / /
 =========|_|==============|___/=/_/_/_/
 :: Spring Boot ::        (v2.2.2.RELEASE)

2020-02-06 21:34:04,316 INFO  [main] org.springframework.boot.StartupInfoLogger: Starting GraphqlSecurityTests on LAPTOP-T2RE67N6 with PID 11952 (started by philippe SIMO in C:\Users\philippesimo\Downloads\zerodash)
2020-02-06 21:34:04,317 DEBUG [main] org.springframework.boot.StartupInfoLogger: Running with Spring Boot v2.2.2.RELEASE, Spring v5.2.2.RELEASE
2020-02-06 21:34:04,317 INFO  [main] org.springframework.boot.SpringApplication: No active profile set, falling back to default profiles: default
2020-02-06 21:34:05,084 WARN  [main] org.apache.juli.logging.DirectJDKLog: The MBean registry cannot be disabled because it has already been initialised
2020-02-06 21:34:05.084  WARN 11952 --- [           main] org.apache.tomcat.util.modeler.Registry  : The MBean registry cannot be disabled because it has already been initialised
2020-02-06 21:34:05,084 WARN  [main] org.apache.juli.logging.DirectJDKLog: The MBean registry cannot be disabled because it has already been initialised
Hibernate: drop table zduser if exists
Hibernate: create table zduser (id integer generated by default as identity, email varchar(255), password varchar(255), phone_number varchar(255), role varchar(255), primary key (id))
2020-02-06 21:34:06.038  INFO 11952 --- [           main] c.o.m.g.b.GraphQLWebAutoConfiguration    : Building GraphQLObjectMapper including errorHandler: com.zerofiltre.zerodash.utils.error.handler.GraphQLExceptionHandler@71a48be1
2020-02-06 21:34:06,038 INFO  [main] com.oembedler.moon.graphql.boot.GraphQLWebAutoConfiguration: Building GraphQLObjectMapper including errorHandler: com.zerofiltre.zerodash.utils.error.handler.GraphQLExceptionHandler@71a48be1
2020-02-06 21:34:06,445 WARN  [main] org.springframework.boot.autoconfigure.orm.jpa.JpaBaseConfiguration$JpaWebConfiguration: spring.jpa.open-in-view is enabled by default. Therefore, database queries may be performed during view rendering. Explicitly configure spring.jpa.open-in-view to disable this warning
2020-02-06 21:34:06.445  WARN 11952 --- [           main] JpaBaseConfiguration$JpaWebConfiguration : spring.jpa.open-in-view is enabled by default. Therefore, database queries may be performed during view rendering. Explicitly configure spring.jpa.open-in-view to disable this warning
2020-02-06 21:34:06,445 WARN  [main] org.springframework.boot.autoconfigure.orm.jpa.JpaBaseConfiguration$JpaWebConfiguration: spring.jpa.open-in-view is enabled by default. Therefore, database queries may be performed during view rendering. Explicitly configure spring.jpa.open-in-view to disable this warning
2020-02-06 21:34:07,693 INFO  [main] org.springframework.boot.StartupInfoLogger: Started GraphqlSecurityTests in 3.416 seconds (JVM running for 40.803)

  .   ____          _            __ _ _
 /\\ / ___'_ __ _ _(_)_ __  __ _ \ \ \ \
( ( )\___ | '_ | '_| | '_ \/ _` | \ \ \ \
 \\/  ___)| |_)| | | | | || (_| |  ) ) ) )
  '  |____| .__|_| |_|_| |_\__, | / / / /
 =========|_|==============|___/=/_/_/_/
 :: Spring Boot ::        (v2.2.2.RELEASE)

2020-02-06 21:34:08,486 INFO  [main] org.springframework.boot.StartupInfoLogger: Starting GraphqlSecurityTests on LAPTOP-T2RE67N6 with PID 11952 (started by philippe SIMO in C:\Users\philippesimo\Downloads\zerodash)
2020-02-06 21:34:08,486 DEBUG [main] org.springframework.boot.StartupInfoLogger: Running with Spring Boot v2.2.2.RELEASE, Spring v5.2.2.RELEASE
2020-02-06 21:34:08,487 INFO  [main] org.springframework.boot.SpringApplication: No active profile set, falling back to default profiles: default
2020-02-06 21:34:09,154 WARN  [main] org.apache.juli.logging.DirectJDKLog: The MBean registry cannot be disabled because it has already been initialised
2020-02-06 21:34:09.154  WARN 11952 --- [           main] org.apache.tomcat.util.modeler.Registry  : The MBean registry cannot be disabled because it has already been initialised
2020-02-06 21:34:09,154 WARN  [main] org.apache.juli.logging.DirectJDKLog: The MBean registry cannot be disabled because it has already been initialised
Hibernate: drop table zduser if exists
Hibernate: create table zduser (id integer generated by default as identity, email varchar(255), password varchar(255), phone_number varchar(255), role varchar(255), primary key (id))
2020-02-06 21:34:10.016  INFO 11952 --- [           main] c.o.m.g.b.GraphQLWebAutoConfiguration    : Building GraphQLObjectMapper including errorHandler: com.zerofiltre.zerodash.utils.error.handler.GraphQLExceptionHandler@4e41fbf5
2020-02-06 21:34:10,016 INFO  [main] com.oembedler.moon.graphql.boot.GraphQLWebAutoConfiguration: Building GraphQLObjectMapper including errorHandler: com.zerofiltre.zerodash.utils.error.handler.GraphQLExceptionHandler@4e41fbf5
2020-02-06 21:34:10,378 WARN  [main] org.springframework.boot.autoconfigure.orm.jpa.JpaBaseConfiguration$JpaWebConfiguration: spring.jpa.open-in-view is enabled by default. Therefore, database queries may be performed during view rendering. Explicitly configure spring.jpa.open-in-view to disable this warning
2020-02-06 21:34:10.378  WARN 11952 --- [           main] JpaBaseConfiguration$JpaWebConfiguration : spring.jpa.open-in-view is enabled by default. Therefore, database queries may be performed during view rendering. Explicitly configure spring.jpa.open-in-view to disable this warning
2020-02-06 21:34:10,378 WARN  [main] org.springframework.boot.autoconfigure.orm.jpa.JpaBaseConfiguration$JpaWebConfiguration: spring.jpa.open-in-view is enabled by default. Therefore, database queries may be performed during view rendering. Explicitly configure spring.jpa.open-in-view to disable this warning
2020-02-06 21:34:11,506 INFO  [main] org.springframework.boot.StartupInfoLogger: Started GraphqlSecurityTests in 3.082 seconds (JVM running for 44.616)
Hibernate: select zduser0_.id as id1_0_, zduser0_.email as email2_0_, zduser0_.password as password3_0_, zduser0_.phone_number as phone_nu4_0_, zduser0_.role as role5_0_ from zduser zduser0_ limit ?

  .   ____          _            __ _ _
 /\\ / ___'_ __ _ _(_)_ __  __ _ \ \ \ \
( ( )\___ | '_ | '_| | '_ \/ _` | \ \ \ \
 \\/  ___)| |_)| | | | | || (_| |  ) ) ) )
  '  |____| .__|_| |_|_| |_\__, | / / / /
 =========|_|==============|___/=/_/_/_/
 :: Spring Boot ::        (v2.2.2.RELEASE)

2020-02-06 21:34:12,066 INFO  [main] org.springframework.boot.StartupInfoLogger: Starting GraphqlSecurityTests on LAPTOP-T2RE67N6 with PID 11952 (started by philippe SIMO in C:\Users\philippesimo\Downloads\zerodash)
2020-02-06 21:34:12,066 DEBUG [main] org.springframework.boot.StartupInfoLogger: Running with Spring Boot v2.2.2.RELEASE, Spring v5.2.2.RELEASE
2020-02-06 21:34:12,067 INFO  [main] org.springframework.boot.SpringApplication: No active profile set, falling back to default profiles: default
2020-02-06 21:34:12,694 WARN  [main] org.apache.juli.logging.DirectJDKLog: The MBean registry cannot be disabled because it has already been initialised
2020-02-06 21:34:12.694  WARN 11952 --- [           main] org.apache.tomcat.util.modeler.Registry  : The MBean registry cannot be disabled because it has already been initialised
2020-02-06 21:34:12,694 WARN  [main] org.apache.juli.logging.DirectJDKLog: The MBean registry cannot be disabled because it has already been initialised
Hibernate: drop table zduser if exists
Hibernate: create table zduser (id integer generated by default as identity, email varchar(255), password varchar(255), phone_number varchar(255), role varchar(255), primary key (id))
2020-02-06 21:34:13.545  INFO 11952 --- [           main] c.o.m.g.b.GraphQLWebAutoConfiguration    : Building GraphQLObjectMapper including errorHandler: com.zerofiltre.zerodash.utils.error.handler.GraphQLExceptionHandler@2a258566
2020-02-06 21:34:13,545 INFO  [main] com.oembedler.moon.graphql.boot.GraphQLWebAutoConfiguration: Building GraphQLObjectMapper including errorHandler: com.zerofiltre.zerodash.utils.error.handler.GraphQLExceptionHandler@2a258566
2020-02-06 21:34:14,043 WARN  [main] org.springframework.boot.autoconfigure.orm.jpa.JpaBaseConfiguration$JpaWebConfiguration: spring.jpa.open-in-view is enabled by default. Therefore, database queries may be performed during view rendering. Explicitly configure spring.jpa.open-in-view to disable this warning
2020-02-06 21:34:14.043  WARN 11952 --- [           main] JpaBaseConfiguration$JpaWebConfiguration : spring.jpa.open-in-view is enabled by default. Therefore, database queries may be performed during view rendering. Explicitly configure spring.jpa.open-in-view to disable this warning
2020-02-06 21:34:14,043 WARN  [main] org.springframework.boot.autoconfigure.orm.jpa.JpaBaseConfiguration$JpaWebConfiguration: spring.jpa.open-in-view is enabled by default. Therefore, database queries may be performed during view rendering. Explicitly configure spring.jpa.open-in-view to disable this warning
2020-02-06 21:34:15,216 INFO  [main] org.springframework.boot.StartupInfoLogger: Started GraphqlSecurityTests in 3.203 seconds (JVM running for 48.326)

  .   ____          _            __ _ _
 /\\ / ___'_ __ _ _(_)_ __  __ _ \ \ \ \
( ( )\___ | '_ | '_| | '_ \/ _` | \ \ \ \
 \\/  ___)| |_)| | | | | || (_| |  ) ) ) )
  '  |____| .__|_| |_|_| |_\__, | / / / /
 =========|_|==============|___/=/_/_/_/
 :: Spring Boot ::        (v2.2.2.RELEASE)

2020-02-06 21:34:15,781 INFO  [main] org.springframework.boot.StartupInfoLogger: Starting GraphqlSecurityTests on LAPTOP-T2RE67N6 with PID 11952 (started by philippe SIMO in C:\Users\philippesimo\Downloads\zerodash)
2020-02-06 21:34:15,781 DEBUG [main] org.springframework.boot.StartupInfoLogger: Running with Spring Boot v2.2.2.RELEASE, Spring v5.2.2.RELEASE
2020-02-06 21:34:15,781 INFO  [main] org.springframework.boot.SpringApplication: No active profile set, falling back to default profiles: default
2020-02-06 21:34:16,523 WARN  [main] org.apache.juli.logging.DirectJDKLog: The MBean registry cannot be disabled because it has already been initialised
2020-02-06 21:34:16.523  WARN 11952 --- [           main] org.apache.tomcat.util.modeler.Registry  : The MBean registry cannot be disabled because it has already been initialised
2020-02-06 21:34:16,523 WARN  [main] org.apache.juli.logging.DirectJDKLog: The MBean registry cannot be disabled because it has already been initialised
Hibernate: drop table zduser if exists
Hibernate: create table zduser (id integer generated by default as identity, email varchar(255), password varchar(255), phone_number varchar(255), role varchar(255), primary key (id))
2020-02-06 21:34:17.434  INFO 11952 --- [           main] c.o.m.g.b.GraphQLWebAutoConfiguration    : Building GraphQLObjectMapper including errorHandler: com.zerofiltre.zerodash.utils.error.handler.GraphQLExceptionHandler@6c84fdaa
2020-02-06 21:34:17,434 INFO  [main] com.oembedler.moon.graphql.boot.GraphQLWebAutoConfiguration: Building GraphQLObjectMapper including errorHandler: com.zerofiltre.zerodash.utils.error.handler.GraphQLExceptionHandler@6c84fdaa
2020-02-06 21:34:17,893 WARN  [main] org.springframework.boot.autoconfigure.orm.jpa.JpaBaseConfiguration$JpaWebConfiguration: spring.jpa.open-in-view is enabled by default. Therefore, database queries may be performed during view rendering. Explicitly configure spring.jpa.open-in-view to disable this warning
2020-02-06 21:34:17.893  WARN 11952 --- [           main] JpaBaseConfiguration$JpaWebConfiguration : spring.jpa.open-in-view is enabled by default. Therefore, database queries may be performed during view rendering. Explicitly configure spring.jpa.open-in-view to disable this warning
2020-02-06 21:34:17,893 WARN  [main] org.springframework.boot.autoconfigure.orm.jpa.JpaBaseConfiguration$JpaWebConfiguration: spring.jpa.open-in-view is enabled by default. Therefore, database queries may be performed during view rendering. Explicitly configure spring.jpa.open-in-view to disable this warning
2020-02-06 21:34:19,332 INFO  [main] org.springframework.boot.StartupInfoLogger: Started GraphqlSecurityTests in 3.627 seconds (JVM running for 52.443)
Hibernate: select zduser0_.id as id1_0_, zduser0_.email as email2_0_, zduser0_.password as password3_0_, zduser0_.phone_number as phone_nu4_0_, zduser0_.role as role5_0_ from zduser zduser0_ where zduser0_.email=?
Hibernate: select zduser0_.id as id1_0_, zduser0_.email as email2_0_, zduser0_.password as password3_0_, zduser0_.phone_number as phone_nu4_0_, zduser0_.role as role5_0_ from zduser zduser0_ where zduser0_.phone_number=?
Hibernate: insert into zduser (id, email, password, phone_number, role) values (null, ?, ?, ?, ?)

  .   ____          _            __ _ _
 /\\ / ___'_ __ _ _(_)_ __  __ _ \ \ \ \
( ( )\___ | '_ | '_| | '_ \/ _` | \ \ \ \
 \\/  ___)| |_)| | | | | || (_| |  ) ) ) )
  '  |____| .__|_| |_|_| |_\__, | / / / /
 =========|_|==============|___/=/_/_/_/
 :: Spring Boot ::        (v2.2.2.RELEASE)

2020-02-06 21:34:20,586 INFO  [main] org.springframework.boot.StartupInfoLogger: Starting GraphqlSecurityTests on LAPTOP-T2RE67N6 with PID 11952 (started by philippe SIMO in C:\Users\philippesimo\Downloads\zerodash)
2020-02-06 21:34:20,587 DEBUG [main] org.springframework.boot.StartupInfoLogger: Running with Spring Boot v2.2.2.RELEASE, Spring v5.2.2.RELEASE
2020-02-06 21:34:20,588 INFO  [main] org.springframework.boot.SpringApplication: No active profile set, falling back to default profiles: default
2020-02-06 21:34:21,350 WARN  [main] org.apache.juli.logging.DirectJDKLog: The MBean registry cannot be disabled because it has already been initialised
2020-02-06 21:34:21.350  WARN 11952 --- [           main] org.apache.tomcat.util.modeler.Registry  : The MBean registry cannot be disabled because it has already been initialised
2020-02-06 21:34:21,350 WARN  [main] org.apache.juli.logging.DirectJDKLog: The MBean registry cannot be disabled because it has already been initialised
Hibernate: drop table zduser if exists
Hibernate: create table zduser (id integer generated by default as identity, email varchar(255), password varchar(255), phone_number varchar(255), role varchar(255), primary key (id))
2020-02-06 21:34:22.117  INFO 11952 --- [           main] c.o.m.g.b.GraphQLWebAutoConfiguration    : Building GraphQLObjectMapper including errorHandler: com.zerofiltre.zerodash.utils.error.handler.GraphQLExceptionHandler@58313b33
2020-02-06 21:34:22,117 INFO  [main] com.oembedler.moon.graphql.boot.GraphQLWebAutoConfiguration: Building GraphQLObjectMapper including errorHandler: com.zerofiltre.zerodash.utils.error.handler.GraphQLExceptionHandler@58313b33
2020-02-06 21:34:22,501 WARN  [main] org.springframework.boot.autoconfigure.orm.jpa.JpaBaseConfiguration$JpaWebConfiguration: spring.jpa.open-in-view is enabled by default. Therefore, database queries may be performed during view rendering. Explicitly configure spring.jpa.open-in-view to disable this warning
2020-02-06 21:34:22.501  WARN 11952 --- [           main] JpaBaseConfiguration$JpaWebConfiguration : spring.jpa.open-in-view is enabled by default. Therefore, database queries may be performed during view rendering. Explicitly configure spring.jpa.open-in-view to disable this warning
2020-02-06 21:34:22,501 WARN  [main] org.springframework.boot.autoconfigure.orm.jpa.JpaBaseConfiguration$JpaWebConfiguration: spring.jpa.open-in-view is enabled by default. Therefore, database queries may be performed during view rendering. Explicitly configure spring.jpa.open-in-view to disable this warning
2020-02-06 21:34:23,779 INFO  [main] org.springframework.boot.StartupInfoLogger: Started GraphqlSecurityTests in 3.326 seconds (JVM running for 56.888)

  .   ____          _            __ _ _
 /\\ / ___'_ __ _ _(_)_ __  __ _ \ \ \ \
( ( )\___ | '_ | '_| | '_ \/ _` | \ \ \ \
 \\/  ___)| |_)| | | | | || (_| |  ) ) ) )
  '  |____| .__|_| |_|_| |_\__, | / / / /
 =========|_|==============|___/=/_/_/_/
 :: Spring Boot ::        (v2.2.2.RELEASE)

2020-02-06 21:34:24,309 INFO  [main] org.springframework.boot.StartupInfoLogger: Starting GraphqlSecurityTests on LAPTOP-T2RE67N6 with PID 11952 (started by philippe SIMO in C:\Users\philippesimo\Downloads\zerodash)
2020-02-06 21:34:24,309 DEBUG [main] org.springframework.boot.StartupInfoLogger: Running with Spring Boot v2.2.2.RELEASE, Spring v5.2.2.RELEASE
2020-02-06 21:34:24,310 INFO  [main] org.springframework.boot.SpringApplication: No active profile set, falling back to default profiles: default
2020-02-06 21:34:25,088 WARN  [main] org.apache.juli.logging.DirectJDKLog: The MBean registry cannot be disabled because it has already been initialised
2020-02-06 21:34:25.088  WARN 11952 --- [           main] org.apache.tomcat.util.modeler.Registry  : The MBean registry cannot be disabled because it has already been initialised
2020-02-06 21:34:25,088 WARN  [main] org.apache.juli.logging.DirectJDKLog: The MBean registry cannot be disabled because it has already been initialised
Hibernate: drop table zduser if exists
Hibernate: create table zduser (id integer generated by default as identity, email varchar(255), password varchar(255), phone_number varchar(255), role varchar(255), primary key (id))
2020-02-06 21:34:25.866  INFO 11952 --- [           main] c.o.m.g.b.GraphQLWebAutoConfiguration    : Building GraphQLObjectMapper including errorHandler: com.zerofiltre.zerodash.utils.error.handler.GraphQLExceptionHandler@69b62da1
2020-02-06 21:34:25,866 INFO  [main] com.oembedler.moon.graphql.boot.GraphQLWebAutoConfiguration: Building GraphQLObjectMapper including errorHandler: com.zerofiltre.zerodash.utils.error.handler.GraphQLExceptionHandler@69b62da1
2020-02-06 21:34:26,218 WARN  [main] org.springframework.boot.autoconfigure.orm.jpa.JpaBaseConfiguration$JpaWebConfiguration: spring.jpa.open-in-view is enabled by default. Therefore, database queries may be performed during view rendering. Explicitly configure spring.jpa.open-in-view to disable this warning
2020-02-06 21:34:26.218  WARN 11952 --- [           main] JpaBaseConfiguration$JpaWebConfiguration : spring.jpa.open-in-view is enabled by default. Therefore, database queries may be performed during view rendering. Explicitly configure spring.jpa.open-in-view to disable this warning
2020-02-06 21:34:26,218 WARN  [main] org.springframework.boot.autoconfigure.orm.jpa.JpaBaseConfiguration$JpaWebConfiguration: spring.jpa.open-in-view is enabled by default. Therefore, database queries may be performed during view rendering. Explicitly configure spring.jpa.open-in-view to disable this warning
2020-02-06 21:34:27,301 INFO  [main] org.springframework.boot.StartupInfoLogger: Started GraphqlSecurityTests in 3.052 seconds (JVM running for 60.41)

  .   ____          _            __ _ _
 /\\ / ___'_ __ _ _(_)_ __  __ _ \ \ \ \
( ( )\___ | '_ | '_| | '_ \/ _` | \ \ \ \
 \\/  ___)| |_)| | | | | || (_| |  ) ) ) )
  '  |____| .__|_| |_|_| |_\__, | / / / /
 =========|_|==============|___/=/_/_/_/
 :: Spring Boot ::        (v2.2.2.RELEASE)

2020-02-06 21:34:28,212 INFO  [main] org.springframework.boot.StartupInfoLogger: Starting GraphqlSecurityTests on LAPTOP-T2RE67N6 with PID 11952 (started by philippe SIMO in C:\Users\philippesimo\Downloads\zerodash)
2020-02-06 21:34:28,213 DEBUG [main] org.springframework.boot.StartupInfoLogger: Running with Spring Boot v2.2.2.RELEASE, Spring v5.2.2.RELEASE
2020-02-06 21:34:28,214 INFO  [main] org.springframework.boot.SpringApplication: No active profile set, falling back to default profiles: default
2020-02-06 21:34:28,922 WARN  [main] org.apache.juli.logging.DirectJDKLog: The MBean registry cannot be disabled because it has already been initialised
2020-02-06 21:34:28.922  WARN 11952 --- [           main] org.apache.tomcat.util.modeler.Registry  : The MBean registry cannot be disabled because it has already been initialised
2020-02-06 21:34:28,922 WARN  [main] org.apache.juli.logging.DirectJDKLog: The MBean registry cannot be disabled because it has already been initialised
Hibernate: drop table zduser if exists
Hibernate: create table zduser (id integer generated by default as identity, email varchar(255), password varchar(255), phone_number varchar(255), role varchar(255), primary key (id))
2020-02-06 21:34:30.304  INFO 11952 --- [           main] c.o.m.g.b.GraphQLWebAutoConfiguration    : Building GraphQLObjectMapper including errorHandler: com.zerofiltre.zerodash.utils.error.handler.GraphQLExceptionHandler@4994e2af
2020-02-06 21:34:30,304 INFO  [main] com.oembedler.moon.graphql.boot.GraphQLWebAutoConfiguration: Building GraphQLObjectMapper including errorHandler: com.zerofiltre.zerodash.utils.error.handler.GraphQLExceptionHandler@4994e2af
2020-02-06 21:34:30,706 WARN  [main] org.springframework.boot.autoconfigure.orm.jpa.JpaBaseConfiguration$JpaWebConfiguration: spring.jpa.open-in-view is enabled by default. Therefore, database queries may be performed during view rendering. Explicitly configure spring.jpa.open-in-view to disable this warning
2020-02-06 21:34:30.706  WARN 11952 --- [           main] JpaBaseConfiguration$JpaWebConfiguration : spring.jpa.open-in-view is enabled by default. Therefore, database queries may be performed during view rendering. Explicitly configure spring.jpa.open-in-view to disable this warning
2020-02-06 21:34:30,706 WARN  [main] org.springframework.boot.autoconfigure.orm.jpa.JpaBaseConfiguration$JpaWebConfiguration: spring.jpa.open-in-view is enabled by default. Therefore, database queries may be performed during view rendering. Explicitly configure spring.jpa.open-in-view to disable this warning
2020-02-06 21:34:31,738 INFO  [main] org.springframework.boot.StartupInfoLogger: Started GraphqlSecurityTests in 3.652 seconds (JVM running for 64.848)
[INFO] Tests run: 6, Failures: 0, Errors: 0, Skipped: 0, Time elapsed: 27.462 s - in com.zerofiltre.zerodash.presentation.security.GraphqlSecurityTests
[INFO] Running com.zerofiltre.zerodash.presentation.security.RestSecurityTests

  .   ____          _            __ _ _
 /\\ / ___'_ __ _ _(_)_ __  __ _ \ \ \ \
( ( )\___ | '_ | '_| | '_ \/ _` | \ \ \ \
 \\/  ___)| |_)| | | | | || (_| |  ) ) ) )
  '  |____| .__|_| |_|_| |_\__, | / / / /
 =========|_|==============|___/=/_/_/_/
 :: Spring Boot ::        (v2.2.2.RELEASE)

2020-02-06 21:34:31,810 INFO  [main] org.springframework.boot.StartupInfoLogger: Starting RestSecurityTests on LAPTOP-T2RE67N6 with PID 11952 (started by philippe SIMO in C:\Users\philippesimo\Downloads\zerodash)
2020-02-06 21:34:31,811 DEBUG [main] org.springframework.boot.StartupInfoLogger: Running with Spring Boot v2.2.2.RELEASE, Spring v5.2.2.RELEASE
2020-02-06 21:34:31,812 INFO  [main] org.springframework.boot.SpringApplication: No active profile set, falling back to default profiles: default
2020-02-06 21:34:33,004 WARN  [main] org.apache.juli.logging.DirectJDKLog: The MBean registry cannot be disabled because it has already been initialised
2020-02-06 21:34:33.004  WARN 11952 --- [           main] org.apache.tomcat.util.modeler.Registry  : The MBean registry cannot be disabled because it has already been initialised
2020-02-06 21:34:33,004 WARN  [main] org.apache.juli.logging.DirectJDKLog: The MBean registry cannot be disabled because it has already been initialised
Hibernate: drop table zduser if exists
Hibernate: create table zduser (id integer generated by default as identity, email varchar(255), password varchar(255), phone_number varchar(255), role varchar(255), primary key (id))
2020-02-06 21:34:33.965  INFO 11952 --- [           main] c.o.m.g.b.GraphQLWebAutoConfiguration    : Building GraphQLObjectMapper including errorHandler: com.zerofiltre.zerodash.utils.error.handler.GraphQLExceptionHandler@2f35dcd2
2020-02-06 21:34:33,965 INFO  [main] com.oembedler.moon.graphql.boot.GraphQLWebAutoConfiguration: Building GraphQLObjectMapper including errorHandler: com.zerofiltre.zerodash.utils.error.handler.GraphQLExceptionHandler@2f35dcd2
2020-02-06 21:34:34,383 WARN  [main] org.springframework.boot.autoconfigure.orm.jpa.JpaBaseConfiguration$JpaWebConfiguration: spring.jpa.open-in-view is enabled by default. Therefore, database queries may be performed during view rendering. Explicitly configure spring.jpa.open-in-view to disable this warning
2020-02-06 21:34:34.383  WARN 11952 --- [           main] JpaBaseConfiguration$JpaWebConfiguration : spring.jpa.open-in-view is enabled by default. Therefore, database queries may be performed during view rendering. Explicitly configure spring.jpa.open-in-view to disable this warning
2020-02-06 21:34:34,383 WARN  [main] org.springframework.boot.autoconfigure.orm.jpa.JpaBaseConfiguration$JpaWebConfiguration: spring.jpa.open-in-view is enabled by default. Therefore, database queries may be performed during view rendering. Explicitly configure spring.jpa.open-in-view to disable this warning
2020-02-06 21:34:35,457 INFO  [main] org.springframework.boot.StartupInfoLogger: Started RestSecurityTests in 3.688 seconds (JVM running for 68.568)

  .   ____          _            __ _ _
 /\\ / ___'_ __ _ _(_)_ __  __ _ \ \ \ \
( ( )\___ | '_ | '_| | '_ \/ _` | \ \ \ \
 \\/  ___)| |_)| | | | | || (_| |  ) ) ) )
  '  |____| .__|_| |_|_| |_\__, | / / / /
 =========|_|==============|___/=/_/_/_/
 :: Spring Boot ::        (v2.2.2.RELEASE)

2020-02-06 21:34:35,957 INFO  [main] org.springframework.boot.StartupInfoLogger: Starting RestSecurityTests on LAPTOP-T2RE67N6 with PID 11952 (started by philippe SIMO in C:\Users\philippesimo\Downloads\zerodash)
2020-02-06 21:34:35,957 DEBUG [main] org.springframework.boot.StartupInfoLogger: Running with Spring Boot v2.2.2.RELEASE, Spring v5.2.2.RELEASE
2020-02-06 21:34:35,959 INFO  [main] org.springframework.boot.SpringApplication: No active profile set, falling back to default profiles: default
2020-02-06 21:34:36,785 WARN  [main] org.apache.juli.logging.DirectJDKLog: The MBean registry cannot be disabled because it has already been initialised
2020-02-06 21:34:36.785  WARN 11952 --- [           main] org.apache.tomcat.util.modeler.Registry  : The MBean registry cannot be disabled because it has already been initialised
2020-02-06 21:34:36,785 WARN  [main] org.apache.juli.logging.DirectJDKLog: The MBean registry cannot be disabled because it has already been initialised
Hibernate: drop table zduser if exists
Hibernate: create table zduser (id integer generated by default as identity, email varchar(255), password varchar(255), phone_number varchar(255), role varchar(255), primary key (id))
2020-02-06 21:34:37.576  INFO 11952 --- [           main] c.o.m.g.b.GraphQLWebAutoConfiguration    : Building GraphQLObjectMapper including errorHandler: com.zerofiltre.zerodash.utils.error.handler.GraphQLExceptionHandler@27939ec2
2020-02-06 21:34:37,576 INFO  [main] com.oembedler.moon.graphql.boot.GraphQLWebAutoConfiguration: Building GraphQLObjectMapper including errorHandler: com.zerofiltre.zerodash.utils.error.handler.GraphQLExceptionHandler@27939ec2
2020-02-06 21:34:38,043 WARN  [main] org.springframework.boot.autoconfigure.orm.jpa.JpaBaseConfiguration$JpaWebConfiguration: spring.jpa.open-in-view is enabled by default. Therefore, database queries may be performed during view rendering. Explicitly configure spring.jpa.open-in-view to disable this warning
2020-02-06 21:34:38.043  WARN 11952 --- [           main] JpaBaseConfiguration$JpaWebConfiguration : spring.jpa.open-in-view is enabled by default. Therefore, database queries may be performed during view rendering. Explicitly configure spring.jpa.open-in-view to disable this warning
2020-02-06 21:34:38,043 WARN  [main] org.springframework.boot.autoconfigure.orm.jpa.JpaBaseConfiguration$JpaWebConfiguration: spring.jpa.open-in-view is enabled by default. Therefore, database queries may be performed during view rendering. Explicitly configure spring.jpa.open-in-view to disable this warning
2020-02-06 21:34:39,098 INFO  [main] org.springframework.boot.StartupInfoLogger: Started RestSecurityTests in 3.203 seconds (JVM running for 72.208)
Hibernate: select zduser0_.id as id1_0_, zduser0_.email as email2_0_, zduser0_.password as password3_0_, zduser0_.phone_number as phone_nu4_0_, zduser0_.role as role5_0_ from zduser zduser0_ where zduser0_.email=?
Hibernate: select zduser0_.id as id1_0_, zduser0_.email as email2_0_, zduser0_.password as password3_0_, zduser0_.phone_number as phone_nu4_0_, zduser0_.role as role5_0_ from zduser zduser0_ where zduser0_.phone_number=?
Hibernate: insert into zduser (id, email, password, phone_number, role) values (null, ?, ?, ?, ?)
2020-02-06 21:34:39,283 DEBUG [main] org.springframework.security.web.authentication.AbstractAuthenticationProcessingFilter: Request is to process authentication
Hibernate: select zduser0_.id as id1_0_, zduser0_.email as email2_0_, zduser0_.password as password3_0_, zduser0_.phone_number as phone_nu4_0_, zduser0_.role as role5_0_ from zduser zduser0_ where zduser0_.email=?
Hibernate: select zduser0_.id as id1_0_, zduser0_.email as email2_0_, zduser0_.password as password3_0_, zduser0_.phone_number as phone_nu4_0_, zduser0_.role as role5_0_ from zduser zduser0_ where zduser0_.phone_number=?

  .   ____          _            __ _ _
 /\\ / ___'_ __ _ _(_)_ __  __ _ \ \ \ \
( ( )\___ | '_ | '_| | '_ \/ _` | \ \ \ \
 \\/  ___)| |_)| | | | | || (_| |  ) ) ) )
  '  |____| .__|_| |_|_| |_\__, | / / / /
 =========|_|==============|___/=/_/_/_/
 :: Spring Boot ::        (v2.2.2.RELEASE)

2020-02-06 21:34:41,143 INFO  [main] org.springframework.boot.StartupInfoLogger: Starting RestSecurityTests on LAPTOP-T2RE67N6 with PID 11952 (started by philippe SIMO in C:\Users\philippesimo\Downloads\zerodash)
2020-02-06 21:34:41,144 DEBUG [main] org.springframework.boot.StartupInfoLogger: Running with Spring Boot v2.2.2.RELEASE, Spring v5.2.2.RELEASE
2020-02-06 21:34:41,144 INFO  [main] org.springframework.boot.SpringApplication: No active profile set, falling back to default profiles: default
2020-02-06 21:34:41,909 WARN  [main] org.apache.juli.logging.DirectJDKLog: The MBean registry cannot be disabled because it has already been initialised
2020-02-06 21:34:41.909  WARN 11952 --- [           main] org.apache.tomcat.util.modeler.Registry  : The MBean registry cannot be disabled because it has already been initialised
2020-02-06 21:34:41,909 WARN  [main] org.apache.juli.logging.DirectJDKLog: The MBean registry cannot be disabled because it has already been initialised
Hibernate: drop table zduser if exists
Hibernate: create table zduser (id integer generated by default as identity, email varchar(255), password varchar(255), phone_number varchar(255), role varchar(255), primary key (id))
2020-02-06 21:34:42.964  INFO 11952 --- [           main] c.o.m.g.b.GraphQLWebAutoConfiguration    : Building GraphQLObjectMapper including errorHandler: com.zerofiltre.zerodash.utils.error.handler.GraphQLExceptionHandler@2904c223
2020-02-06 21:34:42,964 INFO  [main] com.oembedler.moon.graphql.boot.GraphQLWebAutoConfiguration: Building GraphQLObjectMapper including errorHandler: com.zerofiltre.zerodash.utils.error.handler.GraphQLExceptionHandler@2904c223
2020-02-06 21:34:43,374 WARN  [main] org.springframework.boot.autoconfigure.orm.jpa.JpaBaseConfiguration$JpaWebConfiguration: spring.jpa.open-in-view is enabled by default. Therefore, database queries may be performed during view rendering. Explicitly configure spring.jpa.open-in-view to disable this warning
2020-02-06 21:34:43.374  WARN 11952 --- [           main] JpaBaseConfiguration$JpaWebConfiguration : spring.jpa.open-in-view is enabled by default. Therefore, database queries may be performed during view rendering. Explicitly configure spring.jpa.open-in-view to disable this warning
2020-02-06 21:34:43,374 WARN  [main] org.springframework.boot.autoconfigure.orm.jpa.JpaBaseConfiguration$JpaWebConfiguration: spring.jpa.open-in-view is enabled by default. Therefore, database queries may be performed during view rendering. Explicitly configure spring.jpa.open-in-view to disable this warning
2020-02-06 21:34:44,391 INFO  [main] org.springframework.boot.StartupInfoLogger: Started RestSecurityTests in 3.296 seconds (JVM running for 77.501)
2020-02-06 21:34:44,399 DEBUG [main] org.springframework.security.web.authentication.AbstractAuthenticationProcessingFilter: Request is to process authentication
Hibernate: select zduser0_.id as id1_0_, zduser0_.email as email2_0_, zduser0_.password as password3_0_, zduser0_.phone_number as phone_nu4_0_, zduser0_.role as role5_0_ from zduser zduser0_ where zduser0_.email=?
Hibernate: select zduser0_.id as id1_0_, zduser0_.email as email2_0_, zduser0_.password as password3_0_, zduser0_.phone_number as phone_nu4_0_, zduser0_.role as role5_0_ from zduser zduser0_ where zduser0_.phone_number=?
2020-02-06 21:34:44,572 ERROR [main] org.springframework.security.web.authentication.AbstractAuthenticationProcessingFilter: An internal error occurred while trying to authenticate the user.
org.springframework.security.authentication.InternalAuthenticationServiceException: We were unable to find a user with the provided credentials: unknown@zerofiltre.tech
	at org.springframework.security.authentication.dao.DaoAuthenticationProvider.retrieveUser(DaoAuthenticationProvider.java:123)
	at org.springframework.security.authentication.dao.AbstractUserDetailsAuthenticationProvider.authenticate(AbstractUserDetailsAuthenticationProvider.java:144)
	at org.springframework.security.authentication.ProviderManager.authenticate(ProviderManager.java:175)
	at com.zerofiltre.zerodash.presentation.security.filter.JwtUsernameAndPasswordAuthenticationFilter.attemptAuthentication(JwtUsernameAndPasswordAuthenticationFilter.java:55)
	at org.springframework.security.web.authentication.AbstractAuthenticationProcessingFilter.doFilter(AbstractAuthenticationProcessingFilter.java:212)
	at org.springframework.security.web.FilterChainProxy$VirtualFilterChain.doFilter(FilterChainProxy.java:334)
	at org.springframework.security.web.authentication.logout.LogoutFilter.doFilter(LogoutFilter.java:116)
	at org.springframework.security.web.FilterChainProxy$VirtualFilterChain.doFilter(FilterChainProxy.java:334)
	at org.springframework.security.web.header.HeaderWriterFilter.doHeadersAfter(HeaderWriterFilter.java:92)
	at org.springframework.security.web.header.HeaderWriterFilter.doFilterInternal(HeaderWriterFilter.java:77)
	at org.springframework.web.filter.OncePerRequestFilter.doFilter(OncePerRequestFilter.java:119)
	at org.springframework.security.web.FilterChainProxy$VirtualFilterChain.doFilter(FilterChainProxy.java:334)
	at org.springframework.security.web.context.SecurityContextPersistenceFilter.doFilter(SecurityContextPersistenceFilter.java:105)
	at org.springframework.security.web.FilterChainProxy$VirtualFilterChain.doFilter(FilterChainProxy.java:334)
	at org.springframework.security.web.context.request.async.WebAsyncManagerIntegrationFilter.doFilterInternal(WebAsyncManagerIntegrationFilter.java:56)
	at org.springframework.web.filter.OncePerRequestFilter.doFilter(OncePerRequestFilter.java:119)
	at org.springframework.security.web.FilterChainProxy$VirtualFilterChain.doFilter(FilterChainProxy.java:334)
	at org.springframework.security.web.FilterChainProxy.doFilterInternal(FilterChainProxy.java:215)
	at org.springframework.security.web.FilterChainProxy.doFilter(FilterChainProxy.java:178)
	at org.springframework.web.filter.DelegatingFilterProxy.invokeDelegate(DelegatingFilterProxy.java:358)
	at org.springframework.web.filter.DelegatingFilterProxy.doFilter(DelegatingFilterProxy.java:271)
	at org.springframework.mock.web.MockFilterChain.doFilter(MockFilterChain.java:134)
	at org.springframework.web.filter.RequestContextFilter.doFilterInternal(RequestContextFilter.java:100)
	at org.springframework.web.filter.OncePerRequestFilter.doFilter(OncePerRequestFilter.java:119)
	at org.springframework.mock.web.MockFilterChain.doFilter(MockFilterChain.java:134)
	at org.springframework.web.filter.FormContentFilter.doFilterInternal(FormContentFilter.java:93)
	at org.springframework.web.filter.OncePerRequestFilter.doFilter(OncePerRequestFilter.java:119)
	at org.springframework.mock.web.MockFilterChain.doFilter(MockFilterChain.java:134)
	at org.springframework.boot.actuate.metrics.web.servlet.WebMvcMetricsFilter.doFilterInternal(WebMvcMetricsFilter.java:108)
	at org.springframework.web.filter.OncePerRequestFilter.doFilter(OncePerRequestFilter.java:119)
	at org.springframework.mock.web.MockFilterChain.doFilter(MockFilterChain.java:134)
	at org.springframework.web.filter.CharacterEncodingFilter.doFilterInternal(CharacterEncodingFilter.java:201)
	at org.springframework.web.filter.OncePerRequestFilter.doFilter(OncePerRequestFilter.java:119)
	at org.springframework.mock.web.MockFilterChain.doFilter(MockFilterChain.java:134)
	at org.springframework.test.web.servlet.MockMvc.perform(MockMvc.java:183)
	at com.zerofiltre.zerodash.presentation.security.RestSecurityTests.connect(RestSecurityTests.java:81)
	at com.zerofiltre.zerodash.presentation.security.RestSecurityTests.shouldNotGenerateToken(RestSecurityTests.java:72)
	at sun.reflect.NativeMethodAccessorImpl.invoke0(Native Method)
	at sun.reflect.NativeMethodAccessorImpl.invoke(NativeMethodAccessorImpl.java:62)
	at sun.reflect.DelegatingMethodAccessorImpl.invoke(DelegatingMethodAccessorImpl.java:43)
	at java.lang.reflect.Method.invoke(Method.java:498)
	at org.junit.platform.commons.util.ReflectionUtils.invokeMethod(ReflectionUtils.java:675)
	at org.junit.jupiter.engine.execution.MethodInvocation.proceed(MethodInvocation.java:60)
	at org.junit.jupiter.engine.execution.InvocationInterceptorChain$ValidatingInvocation.proceed(InvocationInterceptorChain.java:125)
	at org.junit.jupiter.engine.extension.TimeoutExtension.intercept(TimeoutExtension.java:132)
	at org.junit.jupiter.engine.extension.TimeoutExtension.interceptTestableMethod(TimeoutExtension.java:124)
	at org.junit.jupiter.engine.extension.TimeoutExtension.interceptTestMethod(TimeoutExtension.java:74)
	at org.junit.jupiter.engine.execution.ExecutableInvoker$ReflectiveInterceptorCall.lambda$ofVoidMethod$0(ExecutableInvoker.java:115)
	at org.junit.jupiter.engine.execution.ExecutableInvoker.lambda$invoke$0(ExecutableInvoker.java:105)
	at org.junit.jupiter.engine.execution.InvocationInterceptorChain$InterceptedInvocation.proceed(InvocationInterceptorChain.java:104)
	at org.junit.jupiter.engine.execution.InvocationInterceptorChain.proceed(InvocationInterceptorChain.java:62)
	at org.junit.jupiter.engine.execution.InvocationInterceptorChain.chainAndInvoke(InvocationInterceptorChain.java:43)
	at org.junit.jupiter.engine.execution.InvocationInterceptorChain.invoke(InvocationInterceptorChain.java:35)
	at org.junit.jupiter.engine.execution.ExecutableInvoker.invoke(ExecutableInvoker.java:104)
	at org.junit.jupiter.engine.execution.ExecutableInvoker.invoke(ExecutableInvoker.java:98)
	at org.junit.jupiter.engine.descriptor.TestMethodTestDescriptor.lambda$invokeTestMethod$6(TestMethodTestDescriptor.java:202)
	at org.junit.platform.engine.support.hierarchical.ThrowableCollector.execute(ThrowableCollector.java:73)
	at org.junit.jupiter.engine.descriptor.TestMethodTestDescriptor.invokeTestMethod(TestMethodTestDescriptor.java:198)
	at org.junit.jupiter.engine.descriptor.TestMethodTestDescriptor.execute(TestMethodTestDescriptor.java:135)
	at org.junit.jupiter.engine.descriptor.TestMethodTestDescriptor.execute(TestMethodTestDescriptor.java:69)
	at org.junit.platform.engine.support.hierarchical.NodeTestTask.lambda$executeRecursively$5(NodeTestTask.java:135)
	at org.junit.platform.engine.support.hierarchical.ThrowableCollector.execute(ThrowableCollector.java:73)
	at org.junit.platform.engine.support.hierarchical.NodeTestTask.lambda$executeRecursively$7(NodeTestTask.java:125)
	at org.junit.platform.engine.support.hierarchical.Node.around(Node.java:135)
	at org.junit.platform.engine.support.hierarchical.NodeTestTask.lambda$executeRecursively$8(NodeTestTask.java:123)
	at org.junit.platform.engine.support.hierarchical.ThrowableCollector.execute(ThrowableCollector.java:73)
	at org.junit.platform.engine.support.hierarchical.NodeTestTask.executeRecursively(NodeTestTask.java:122)
	at org.junit.platform.engine.support.hierarchical.NodeTestTask.execute(NodeTestTask.java:80)
	at java.util.ArrayList.forEach(ArrayList.java:1257)
	at org.junit.platform.engine.support.hierarchical.SameThreadHierarchicalTestExecutorService.invokeAll(SameThreadHierarchicalTestExecutorService.java:38)
	at org.junit.platform.engine.support.hierarchical.NodeTestTask.lambda$executeRecursively$5(NodeTestTask.java:139)
	at org.junit.platform.engine.support.hierarchical.ThrowableCollector.execute(ThrowableCollector.java:73)
	at org.junit.platform.engine.support.hierarchical.NodeTestTask.lambda$executeRecursively$7(NodeTestTask.java:125)
	at org.junit.platform.engine.support.hierarchical.Node.around(Node.java:135)
	at org.junit.platform.engine.support.hierarchical.NodeTestTask.lambda$executeRecursively$8(NodeTestTask.java:123)
	at org.junit.platform.engine.support.hierarchical.ThrowableCollector.execute(ThrowableCollector.java:73)
	at org.junit.platform.engine.support.hierarchical.NodeTestTask.executeRecursively(NodeTestTask.java:122)
	at org.junit.platform.engine.support.hierarchical.NodeTestTask.execute(NodeTestTask.java:80)
	at java.util.ArrayList.forEach(ArrayList.java:1257)
	at org.junit.platform.engine.support.hierarchical.SameThreadHierarchicalTestExecutorService.invokeAll(SameThreadHierarchicalTestExecutorService.java:38)
	at org.junit.platform.engine.support.hierarchical.NodeTestTask.lambda$executeRecursively$5(NodeTestTask.java:139)
	at org.junit.platform.engine.support.hierarchical.ThrowableCollector.execute(ThrowableCollector.java:73)
	at org.junit.platform.engine.support.hierarchical.NodeTestTask.lambda$executeRecursively$7(NodeTestTask.java:125)
	at org.junit.platform.engine.support.hierarchical.Node.around(Node.java:135)
	at org.junit.platform.engine.support.hierarchical.NodeTestTask.lambda$executeRecursively$8(NodeTestTask.java:123)
	at org.junit.platform.engine.support.hierarchical.ThrowableCollector.execute(ThrowableCollector.java:73)
	at org.junit.platform.engine.support.hierarchical.NodeTestTask.executeRecursively(NodeTestTask.java:122)
	at org.junit.platform.engine.support.hierarchical.NodeTestTask.execute(NodeTestTask.java:80)
	at org.junit.platform.engine.support.hierarchical.SameThreadHierarchicalTestExecutorService.submit(SameThreadHierarchicalTestExecutorService.java:32)
	at org.junit.platform.engine.support.hierarchical.HierarchicalTestExecutor.execute(HierarchicalTestExecutor.java:57)
	at org.junit.platform.engine.support.hierarchical.HierarchicalTestEngine.execute(HierarchicalTestEngine.java:51)
	at org.junit.platform.launcher.core.DefaultLauncher.execute(DefaultLauncher.java:220)
	at org.junit.platform.launcher.core.DefaultLauncher.lambda$execute$6(DefaultLauncher.java:188)
	at org.junit.platform.launcher.core.DefaultLauncher.withInterceptedStreams(DefaultLauncher.java:202)
	at org.junit.platform.launcher.core.DefaultLauncher.execute(DefaultLauncher.java:181)
	at org.junit.platform.launcher.core.DefaultLauncher.execute(DefaultLauncher.java:128)
	at org.apache.maven.surefire.junitplatform.JUnitPlatformProvider.invokeAllTests(JUnitPlatformProvider.java:150)
	at org.apache.maven.surefire.junitplatform.JUnitPlatformProvider.invoke(JUnitPlatformProvider.java:124)
	at org.apache.maven.surefire.booter.ForkedBooter.invokeProviderInSameClassLoader(ForkedBooter.java:384)
	at org.apache.maven.surefire.booter.ForkedBooter.runSuitesInProcess(ForkedBooter.java:345)
	at org.apache.maven.surefire.booter.ForkedBooter.execute(ForkedBooter.java:126)
	at org.apache.maven.surefire.booter.ForkedBooter.main(ForkedBooter.java:418)
Caused by: com.zerofiltre.zerodash.utils.error.ZDUserNotFoundException: We were unable to find a user with the provided credentials: unknown@zerofiltre.tech
	at com.zerofiltre.zerodash.service.ZDUserDetailsService.loadUserByUsername(ZDUserDetailsService.java:39)
	at org.springframework.security.authentication.dao.DaoAuthenticationProvider.retrieveUser(DaoAuthenticationProvider.java:108)
	... 101 common frames omitted
2020-02-06 21:34:44,576 DEBUG [main] org.springframework.security.web.authentication.AbstractAuthenticationProcessingFilter: Authentication request failed: org.springframework.security.authentication.InternalAuthenticationServiceException: We were unable to find a user with the provided credentials: unknown@zerofiltre.tech
org.springframework.security.authentication.InternalAuthenticationServiceException: We were unable to find a user with the provided credentials: unknown@zerofiltre.tech
	at org.springframework.security.authentication.dao.DaoAuthenticationProvider.retrieveUser(DaoAuthenticationProvider.java:123)
	at org.springframework.security.authentication.dao.AbstractUserDetailsAuthenticationProvider.authenticate(AbstractUserDetailsAuthenticationProvider.java:144)
	at org.springframework.security.authentication.ProviderManager.authenticate(ProviderManager.java:175)
	at com.zerofiltre.zerodash.presentation.security.filter.JwtUsernameAndPasswordAuthenticationFilter.attemptAuthentication(JwtUsernameAndPasswordAuthenticationFilter.java:55)
	at org.springframework.security.web.authentication.AbstractAuthenticationProcessingFilter.doFilter(AbstractAuthenticationProcessingFilter.java:212)
	at org.springframework.security.web.FilterChainProxy$VirtualFilterChain.doFilter(FilterChainProxy.java:334)
	at org.springframework.security.web.authentication.logout.LogoutFilter.doFilter(LogoutFilter.java:116)
	at org.springframework.security.web.FilterChainProxy$VirtualFilterChain.doFilter(FilterChainProxy.java:334)
	at org.springframework.security.web.header.HeaderWriterFilter.doHeadersAfter(HeaderWriterFilter.java:92)
	at org.springframework.security.web.header.HeaderWriterFilter.doFilterInternal(HeaderWriterFilter.java:77)
	at org.springframework.web.filter.OncePerRequestFilter.doFilter(OncePerRequestFilter.java:119)
	at org.springframework.security.web.FilterChainProxy$VirtualFilterChain.doFilter(FilterChainProxy.java:334)
	at org.springframework.security.web.context.SecurityContextPersistenceFilter.doFilter(SecurityContextPersistenceFilter.java:105)
	at org.springframework.security.web.FilterChainProxy$VirtualFilterChain.doFilter(FilterChainProxy.java:334)
	at org.springframework.security.web.context.request.async.WebAsyncManagerIntegrationFilter.doFilterInternal(WebAsyncManagerIntegrationFilter.java:56)
	at org.springframework.web.filter.OncePerRequestFilter.doFilter(OncePerRequestFilter.java:119)
	at org.springframework.security.web.FilterChainProxy$VirtualFilterChain.doFilter(FilterChainProxy.java:334)
	at org.springframework.security.web.FilterChainProxy.doFilterInternal(FilterChainProxy.java:215)
	at org.springframework.security.web.FilterChainProxy.doFilter(FilterChainProxy.java:178)
	at org.springframework.web.filter.DelegatingFilterProxy.invokeDelegate(DelegatingFilterProxy.java:358)
	at org.springframework.web.filter.DelegatingFilterProxy.doFilter(DelegatingFilterProxy.java:271)
	at org.springframework.mock.web.MockFilterChain.doFilter(MockFilterChain.java:134)
	at org.springframework.web.filter.RequestContextFilter.doFilterInternal(RequestContextFilter.java:100)
	at org.springframework.web.filter.OncePerRequestFilter.doFilter(OncePerRequestFilter.java:119)
	at org.springframework.mock.web.MockFilterChain.doFilter(MockFilterChain.java:134)
	at org.springframework.web.filter.FormContentFilter.doFilterInternal(FormContentFilter.java:93)
	at org.springframework.web.filter.OncePerRequestFilter.doFilter(OncePerRequestFilter.java:119)
	at org.springframework.mock.web.MockFilterChain.doFilter(MockFilterChain.java:134)
	at org.springframework.boot.actuate.metrics.web.servlet.WebMvcMetricsFilter.doFilterInternal(WebMvcMetricsFilter.java:108)
	at org.springframework.web.filter.OncePerRequestFilter.doFilter(OncePerRequestFilter.java:119)
	at org.springframework.mock.web.MockFilterChain.doFilter(MockFilterChain.java:134)
	at org.springframework.web.filter.CharacterEncodingFilter.doFilterInternal(CharacterEncodingFilter.java:201)
	at org.springframework.web.filter.OncePerRequestFilter.doFilter(OncePerRequestFilter.java:119)
	at org.springframework.mock.web.MockFilterChain.doFilter(MockFilterChain.java:134)
	at org.springframework.test.web.servlet.MockMvc.perform(MockMvc.java:183)
	at com.zerofiltre.zerodash.presentation.security.RestSecurityTests.connect(RestSecurityTests.java:81)
	at com.zerofiltre.zerodash.presentation.security.RestSecurityTests.shouldNotGenerateToken(RestSecurityTests.java:72)
	at sun.reflect.NativeMethodAccessorImpl.invoke0(Native Method)
	at sun.reflect.NativeMethodAccessorImpl.invoke(NativeMethodAccessorImpl.java:62)
	at sun.reflect.DelegatingMethodAccessorImpl.invoke(DelegatingMethodAccessorImpl.java:43)
	at java.lang.reflect.Method.invoke(Method.java:498)
	at org.junit.platform.commons.util.ReflectionUtils.invokeMethod(ReflectionUtils.java:675)
	at org.junit.jupiter.engine.execution.MethodInvocation.proceed(MethodInvocation.java:60)
	at org.junit.jupiter.engine.execution.InvocationInterceptorChain$ValidatingInvocation.proceed(InvocationInterceptorChain.java:125)
	at org.junit.jupiter.engine.extension.TimeoutExtension.intercept(TimeoutExtension.java:132)
	at org.junit.jupiter.engine.extension.TimeoutExtension.interceptTestableMethod(TimeoutExtension.java:124)
	at org.junit.jupiter.engine.extension.TimeoutExtension.interceptTestMethod(TimeoutExtension.java:74)
	at org.junit.jupiter.engine.execution.ExecutableInvoker$ReflectiveInterceptorCall.lambda$ofVoidMethod$0(ExecutableInvoker.java:115)
	at org.junit.jupiter.engine.execution.ExecutableInvoker.lambda$invoke$0(ExecutableInvoker.java:105)
	at org.junit.jupiter.engine.execution.InvocationInterceptorChain$InterceptedInvocation.proceed(InvocationInterceptorChain.java:104)
	at org.junit.jupiter.engine.execution.InvocationInterceptorChain.proceed(InvocationInterceptorChain.java:62)
	at org.junit.jupiter.engine.execution.InvocationInterceptorChain.chainAndInvoke(InvocationInterceptorChain.java:43)
	at org.junit.jupiter.engine.execution.InvocationInterceptorChain.invoke(InvocationInterceptorChain.java:35)
	at org.junit.jupiter.engine.execution.ExecutableInvoker.invoke(ExecutableInvoker.java:104)
	at org.junit.jupiter.engine.execution.ExecutableInvoker.invoke(ExecutableInvoker.java:98)
	at org.junit.jupiter.engine.descriptor.TestMethodTestDescriptor.lambda$invokeTestMethod$6(TestMethodTestDescriptor.java:202)
	at org.junit.platform.engine.support.hierarchical.ThrowableCollector.execute(ThrowableCollector.java:73)
	at org.junit.jupiter.engine.descriptor.TestMethodTestDescriptor.invokeTestMethod(TestMethodTestDescriptor.java:198)
	at org.junit.jupiter.engine.descriptor.TestMethodTestDescriptor.execute(TestMethodTestDescriptor.java:135)
	at org.junit.jupiter.engine.descriptor.TestMethodTestDescriptor.execute(TestMethodTestDescriptor.java:69)
	at org.junit.platform.engine.support.hierarchical.NodeTestTask.lambda$executeRecursively$5(NodeTestTask.java:135)
	at org.junit.platform.engine.support.hierarchical.ThrowableCollector.execute(ThrowableCollector.java:73)
	at org.junit.platform.engine.support.hierarchical.NodeTestTask.lambda$executeRecursively$7(NodeTestTask.java:125)
	at org.junit.platform.engine.support.hierarchical.Node.around(Node.java:135)
	at org.junit.platform.engine.support.hierarchical.NodeTestTask.lambda$executeRecursively$8(NodeTestTask.java:123)
	at org.junit.platform.engine.support.hierarchical.ThrowableCollector.execute(ThrowableCollector.java:73)
	at org.junit.platform.engine.support.hierarchical.NodeTestTask.executeRecursively(NodeTestTask.java:122)
	at org.junit.platform.engine.support.hierarchical.NodeTestTask.execute(NodeTestTask.java:80)
	at java.util.ArrayList.forEach(ArrayList.java:1257)
	at org.junit.platform.engine.support.hierarchical.SameThreadHierarchicalTestExecutorService.invokeAll(SameThreadHierarchicalTestExecutorService.java:38)
	at org.junit.platform.engine.support.hierarchical.NodeTestTask.lambda$executeRecursively$5(NodeTestTask.java:139)
	at org.junit.platform.engine.support.hierarchical.ThrowableCollector.execute(ThrowableCollector.java:73)
	at org.junit.platform.engine.support.hierarchical.NodeTestTask.lambda$executeRecursively$7(NodeTestTask.java:125)
	at org.junit.platform.engine.support.hierarchical.Node.around(Node.java:135)
	at org.junit.platform.engine.support.hierarchical.NodeTestTask.lambda$executeRecursively$8(NodeTestTask.java:123)
	at org.junit.platform.engine.support.hierarchical.ThrowableCollector.execute(ThrowableCollector.java:73)
	at org.junit.platform.engine.support.hierarchical.NodeTestTask.executeRecursively(NodeTestTask.java:122)
	at org.junit.platform.engine.support.hierarchical.NodeTestTask.execute(NodeTestTask.java:80)
	at java.util.ArrayList.forEach(ArrayList.java:1257)
	at org.junit.platform.engine.support.hierarchical.SameThreadHierarchicalTestExecutorService.invokeAll(SameThreadHierarchicalTestExecutorService.java:38)
	at org.junit.platform.engine.support.hierarchical.NodeTestTask.lambda$executeRecursively$5(NodeTestTask.java:139)
	at org.junit.platform.engine.support.hierarchical.ThrowableCollector.execute(ThrowableCollector.java:73)
	at org.junit.platform.engine.support.hierarchical.NodeTestTask.lambda$executeRecursively$7(NodeTestTask.java:125)
	at org.junit.platform.engine.support.hierarchical.Node.around(Node.java:135)
	at org.junit.platform.engine.support.hierarchical.NodeTestTask.lambda$executeRecursively$8(NodeTestTask.java:123)
	at org.junit.platform.engine.support.hierarchical.ThrowableCollector.execute(ThrowableCollector.java:73)
	at org.junit.platform.engine.support.hierarchical.NodeTestTask.executeRecursively(NodeTestTask.java:122)
	at org.junit.platform.engine.support.hierarchical.NodeTestTask.execute(NodeTestTask.java:80)
	at org.junit.platform.engine.support.hierarchical.SameThreadHierarchicalTestExecutorService.submit(SameThreadHierarchicalTestExecutorService.java:32)
	at org.junit.platform.engine.support.hierarchical.HierarchicalTestExecutor.execute(HierarchicalTestExecutor.java:57)
	at org.junit.platform.engine.support.hierarchical.HierarchicalTestEngine.execute(HierarchicalTestEngine.java:51)
	at org.junit.platform.launcher.core.DefaultLauncher.execute(DefaultLauncher.java:220)
	at org.junit.platform.launcher.core.DefaultLauncher.lambda$execute$6(DefaultLauncher.java:188)
	at org.junit.platform.launcher.core.DefaultLauncher.withInterceptedStreams(DefaultLauncher.java:202)
	at org.junit.platform.launcher.core.DefaultLauncher.execute(DefaultLauncher.java:181)
	at org.junit.platform.launcher.core.DefaultLauncher.execute(DefaultLauncher.java:128)
	at org.apache.maven.surefire.junitplatform.JUnitPlatformProvider.invokeAllTests(JUnitPlatformProvider.java:150)
	at org.apache.maven.surefire.junitplatform.JUnitPlatformProvider.invoke(JUnitPlatformProvider.java:124)
	at org.apache.maven.surefire.booter.ForkedBooter.invokeProviderInSameClassLoader(ForkedBooter.java:384)
	at org.apache.maven.surefire.booter.ForkedBooter.runSuitesInProcess(ForkedBooter.java:345)
	at org.apache.maven.surefire.booter.ForkedBooter.execute(ForkedBooter.java:126)
	at org.apache.maven.surefire.booter.ForkedBooter.main(ForkedBooter.java:418)
Caused by: com.zerofiltre.zerodash.utils.error.ZDUserNotFoundException: We were unable to find a user with the provided credentials: unknown@zerofiltre.tech
	at com.zerofiltre.zerodash.service.ZDUserDetailsService.loadUserByUsername(ZDUserDetailsService.java:39)
	at org.springframework.security.authentication.dao.DaoAuthenticationProvider.retrieveUser(DaoAuthenticationProvider.java:108)
	... 101 common frames omitted
2020-02-06 21:34:44,580 DEBUG [main] org.springframework.security.web.authentication.AbstractAuthenticationProcessingFilter: Updated SecurityContextHolder to contain null Authentication
2020-02-06 21:34:44,582 DEBUG [main] org.springframework.security.web.authentication.AbstractAuthenticationProcessingFilter: Delegating to authentication failure handler org.springframework.security.web.authentication.SimpleUrlAuthenticationFailureHandler@7bd1e952
[INFO] Tests run: 2, Failures: 0, Errors: 0, Skipped: 0, Time elapsed: 13.055 s - in com.zerofiltre.zerodash.presentation.security.RestSecurityTests
[INFO] Running com.zerofiltre.zerodash.service.UserServiceTest

  .   ____          _            __ _ _
 /\\ / ___'_ __ _ _(_)_ __  __ _ \ \ \ \
( ( )\___ | '_ | '_| | '_ \/ _` | \ \ \ \
 \\/  ___)| |_)| | | | | || (_| |  ) ) ) )
  '  |____| .__|_| |_|_| |_\__, | / / / /
 =========|_|==============|___/=/_/_/_/
 :: Spring Boot ::        (v2.2.2.RELEASE)

2020-02-06 21:34:45,319 INFO  [main] org.springframework.boot.StartupInfoLogger: Starting UserServiceTest on LAPTOP-T2RE67N6 with PID 11952 (started by philippe SIMO in C:\Users\philippesimo\Downloads\zerodash)
2020-02-06 21:34:45,320 DEBUG [main] org.springframework.boot.StartupInfoLogger: Running with Spring Boot v2.2.2.RELEASE, Spring v5.2.2.RELEASE
2020-02-06 21:34:45,321 INFO  [main] org.springframework.boot.SpringApplication: No active profile set, falling back to default profiles: default
2020-02-06 21:34:46,044 WARN  [main] org.apache.juli.logging.DirectJDKLog: The MBean registry cannot be disabled because it has already been initialised
2020-02-06 21:34:46.044  WARN 11952 --- [           main] org.apache.tomcat.util.modeler.Registry  : The MBean registry cannot be disabled because it has already been initialised
2020-02-06 21:34:46,044 WARN  [main] org.apache.juli.logging.DirectJDKLog: The MBean registry cannot be disabled because it has already been initialised
Hibernate: drop table zduser if exists
Hibernate: create table zduser (id integer generated by default as identity, email varchar(255), password varchar(255), phone_number varchar(255), role varchar(255), primary key (id))
2020-02-06 21:34:46.955  INFO 11952 --- [           main] c.o.m.g.b.GraphQLWebAutoConfiguration    : Building GraphQLObjectMapper including errorHandler: com.zerofiltre.zerodash.utils.error.handler.GraphQLExceptionHandler@3cf4ce2f
2020-02-06 21:34:46,955 INFO  [main] com.oembedler.moon.graphql.boot.GraphQLWebAutoConfiguration: Building GraphQLObjectMapper including errorHandler: com.zerofiltre.zerodash.utils.error.handler.GraphQLExceptionHandler@3cf4ce2f
2020-02-06 21:34:47,343 WARN  [main] org.springframework.boot.autoconfigure.orm.jpa.JpaBaseConfiguration$JpaWebConfiguration: spring.jpa.open-in-view is enabled by default. Therefore, database queries may be performed during view rendering. Explicitly configure spring.jpa.open-in-view to disable this warning
2020-02-06 21:34:47.343  WARN 11952 --- [           main] JpaBaseConfiguration$JpaWebConfiguration : spring.jpa.open-in-view is enabled by default. Therefore, database queries may be performed during view rendering. Explicitly configure spring.jpa.open-in-view to disable this warning
2020-02-06 21:34:47,343 WARN  [main] org.springframework.boot.autoconfigure.orm.jpa.JpaBaseConfiguration$JpaWebConfiguration: spring.jpa.open-in-view is enabled by default. Therefore, database queries may be performed during view rendering. Explicitly configure spring.jpa.open-in-view to disable this warning
2020-02-06 21:34:48,482 INFO  [main] org.springframework.boot.StartupInfoLogger: Started UserServiceTest in 3.23 seconds (JVM running for 81.592)
Hibernate: select zduser0_.id as id1_0_, zduser0_.email as email2_0_, zduser0_.password as password3_0_, zduser0_.phone_number as phone_nu4_0_, zduser0_.role as role5_0_ from zduser zduser0_ where zduser0_.email=?
Hibernate: select zduser0_.id as id1_0_, zduser0_.email as email2_0_, zduser0_.password as password3_0_, zduser0_.phone_number as phone_nu4_0_, zduser0_.role as role5_0_ from zduser zduser0_ where zduser0_.phone_number=?
Hibernate: insert into zduser (id, email, password, phone_number, role) values (null, ?, ?, ?, ?)
Hibernate: select zduser0_.id as id1_0_, zduser0_.email as email2_0_, zduser0_.password as password3_0_, zduser0_.phone_number as phone_nu4_0_, zduser0_.role as role5_0_ from zduser zduser0_ where zduser0_.email=?
Hibernate: select zduser0_.id as id1_0_, zduser0_.email as email2_0_, zduser0_.password as password3_0_, zduser0_.phone_number as phone_nu4_0_, zduser0_.role as role5_0_ from zduser zduser0_ where zduser0_.phone_number=?

  .   ____          _            __ _ _
 /\\ / ___'_ __ _ _(_)_ __  __ _ \ \ \ \
( ( )\___ | '_ | '_| | '_ \/ _` | \ \ \ \
 \\/  ___)| |_)| | | | | || (_| |  ) ) ) )
  '  |____| .__|_| |_|_| |_\__, | / / / /
 =========|_|==============|___/=/_/_/_/
 :: Spring Boot ::        (v2.2.2.RELEASE)

2020-02-06 21:34:49,148 INFO  [main] org.springframework.boot.StartupInfoLogger: Starting UserServiceTest on LAPTOP-T2RE67N6 with PID 11952 (started by philippe SIMO in C:\Users\philippesimo\Downloads\zerodash)
2020-02-06 21:34:49,148 DEBUG [main] org.springframework.boot.StartupInfoLogger: Running with Spring Boot v2.2.2.RELEASE, Spring v5.2.2.RELEASE
2020-02-06 21:34:49,149 INFO  [main] org.springframework.boot.SpringApplication: No active profile set, falling back to default profiles: default
2020-02-06 21:34:49,840 WARN  [main] org.apache.juli.logging.DirectJDKLog: The MBean registry cannot be disabled because it has already been initialised
2020-02-06 21:34:49.840  WARN 11952 --- [           main] org.apache.tomcat.util.modeler.Registry  : The MBean registry cannot be disabled because it has already been initialised
2020-02-06 21:34:49,840 WARN  [main] org.apache.juli.logging.DirectJDKLog: The MBean registry cannot be disabled because it has already been initialised
Hibernate: drop table zduser if exists
Hibernate: create table zduser (id integer generated by default as identity, email varchar(255), password varchar(255), phone_number varchar(255), role varchar(255), primary key (id))
2020-02-06 21:34:50.521  INFO 11952 --- [           main] c.o.m.g.b.GraphQLWebAutoConfiguration    : Building GraphQLObjectMapper including errorHandler: com.zerofiltre.zerodash.utils.error.handler.GraphQLExceptionHandler@b1321b2
2020-02-06 21:34:50,521 INFO  [main] com.oembedler.moon.graphql.boot.GraphQLWebAutoConfiguration: Building GraphQLObjectMapper including errorHandler: com.zerofiltre.zerodash.utils.error.handler.GraphQLExceptionHandler@b1321b2
2020-02-06 21:34:50,977 WARN  [main] org.springframework.boot.autoconfigure.orm.jpa.JpaBaseConfiguration$JpaWebConfiguration: spring.jpa.open-in-view is enabled by default. Therefore, database queries may be performed during view rendering. Explicitly configure spring.jpa.open-in-view to disable this warning
2020-02-06 21:34:50.977  WARN 11952 --- [           main] JpaBaseConfiguration$JpaWebConfiguration : spring.jpa.open-in-view is enabled by default. Therefore, database queries may be performed during view rendering. Explicitly configure spring.jpa.open-in-view to disable this warning
2020-02-06 21:34:50,977 WARN  [main] org.springframework.boot.autoconfigure.orm.jpa.JpaBaseConfiguration$JpaWebConfiguration: spring.jpa.open-in-view is enabled by default. Therefore, database queries may be performed during view rendering. Explicitly configure spring.jpa.open-in-view to disable this warning
2020-02-06 21:34:52,150 INFO  [main] org.springframework.boot.StartupInfoLogger: Started UserServiceTest in 3.127 seconds (JVM running for 85.26)
Hibernate: select zduser0_.id as id1_0_, zduser0_.email as email2_0_, zduser0_.password as password3_0_, zduser0_.phone_number as phone_nu4_0_, zduser0_.role as role5_0_ from zduser zduser0_ where zduser0_.email=?
Hibernate: select zduser0_.id as id1_0_, zduser0_.email as email2_0_, zduser0_.password as password3_0_, zduser0_.phone_number as phone_nu4_0_, zduser0_.role as role5_0_ from zduser zduser0_ where zduser0_.phone_number=?
Hibernate: insert into zduser (id, email, password, phone_number, role) values (null, ?, ?, ?, ?)
Hibernate: select zduser0_.id as id1_0_, zduser0_.email as email2_0_, zduser0_.password as password3_0_, zduser0_.phone_number as phone_nu4_0_, zduser0_.role as role5_0_ from zduser zduser0_ where zduser0_.email=?

  .   ____          _            __ _ _
 /\\ / ___'_ __ _ _(_)_ __  __ _ \ \ \ \
( ( )\___ | '_ | '_| | '_ \/ _` | \ \ \ \
 \\/  ___)| |_)| | | | | || (_| |  ) ) ) )
  '  |____| .__|_| |_|_| |_\__, | / / / /
 =========|_|==============|___/=/_/_/_/
 :: Spring Boot ::        (v2.2.2.RELEASE)

2020-02-06 21:34:52,728 INFO  [main] org.springframework.boot.StartupInfoLogger: Starting UserServiceTest on LAPTOP-T2RE67N6 with PID 11952 (started by philippe SIMO in C:\Users\philippesimo\Downloads\zerodash)
2020-02-06 21:34:52,729 DEBUG [main] org.springframework.boot.StartupInfoLogger: Running with Spring Boot v2.2.2.RELEASE, Spring v5.2.2.RELEASE
2020-02-06 21:34:52,730 INFO  [main] org.springframework.boot.SpringApplication: No active profile set, falling back to default profiles: default
2020-02-06 21:34:53,355 WARN  [main] org.apache.juli.logging.DirectJDKLog: The MBean registry cannot be disabled because it has already been initialised
2020-02-06 21:34:53.355  WARN 11952 --- [           main] org.apache.tomcat.util.modeler.Registry  : The MBean registry cannot be disabled because it has already been initialised
2020-02-06 21:34:53,355 WARN  [main] org.apache.juli.logging.DirectJDKLog: The MBean registry cannot be disabled because it has already been initialised
Hibernate: drop table zduser if exists
Hibernate: create table zduser (id integer generated by default as identity, email varchar(255), password varchar(255), phone_number varchar(255), role varchar(255), primary key (id))
2020-02-06 21:34:54.125  INFO 11952 --- [           main] c.o.m.g.b.GraphQLWebAutoConfiguration    : Building GraphQLObjectMapper including errorHandler: com.zerofiltre.zerodash.utils.error.handler.GraphQLExceptionHandler@3a50876b
2020-02-06 21:34:54,125 INFO  [main] com.oembedler.moon.graphql.boot.GraphQLWebAutoConfiguration: Building GraphQLObjectMapper including errorHandler: com.zerofiltre.zerodash.utils.error.handler.GraphQLExceptionHandler@3a50876b
2020-02-06 21:34:54,567 WARN  [main] org.springframework.boot.autoconfigure.orm.jpa.JpaBaseConfiguration$JpaWebConfiguration: spring.jpa.open-in-view is enabled by default. Therefore, database queries may be performed during view rendering. Explicitly configure spring.jpa.open-in-view to disable this warning
2020-02-06 21:34:54.567  WARN 11952 --- [           main] JpaBaseConfiguration$JpaWebConfiguration : spring.jpa.open-in-view is enabled by default. Therefore, database queries may be performed during view rendering. Explicitly configure spring.jpa.open-in-view to disable this warning
2020-02-06 21:34:54,567 WARN  [main] org.springframework.boot.autoconfigure.orm.jpa.JpaBaseConfiguration$JpaWebConfiguration: spring.jpa.open-in-view is enabled by default. Therefore, database queries may be performed during view rendering. Explicitly configure spring.jpa.open-in-view to disable this warning
2020-02-06 21:34:55,634 INFO  [main] org.springframework.boot.StartupInfoLogger: Started UserServiceTest in 2.954 seconds (JVM running for 88.744)
Hibernate: select zduser0_.id as id1_0_, zduser0_.email as email2_0_, zduser0_.password as password3_0_, zduser0_.phone_number as phone_nu4_0_, zduser0_.role as role5_0_ from zduser zduser0_ limit ?
Hibernate: select zduser0_.id as id1_0_, zduser0_.email as email2_0_, zduser0_.password as password3_0_, zduser0_.phone_number as phone_nu4_0_, zduser0_.role as role5_0_ from zduser zduser0_ where zduser0_.email=?
Hibernate: select zduser0_.id as id1_0_, zduser0_.email as email2_0_, zduser0_.password as password3_0_, zduser0_.phone_number as phone_nu4_0_, zduser0_.role as role5_0_ from zduser zduser0_ where zduser0_.phone_number=?
Hibernate: insert into zduser (id, email, password, phone_number, role) values (null, ?, ?, ?, ?)
Hibernate: select zduser0_.id as id1_0_, zduser0_.email as email2_0_, zduser0_.password as password3_0_, zduser0_.phone_number as phone_nu4_0_, zduser0_.role as role5_0_ from zduser zduser0_ limit ?
[INFO] Tests run: 3, Failures: 0, Errors: 0, Skipped: 0, Time elapsed: 10.829 s - in com.zerofiltre.zerodash.service.UserServiceTest
[INFO] Running com.zerofiltre.zerodash.ZerodashApplicationTests

  .   ____          _            __ _ _
 /\\ / ___'_ __ _ _(_)_ __  __ _ \ \ \ \
( ( )\___ | '_ | '_| | '_ \/ _` | \ \ \ \
 \\/  ___)| |_)| | | | | || (_| |  ) ) ) )
  '  |____| .__|_| |_|_| |_\__, | / / / /
 =========|_|==============|___/=/_/_/_/
 :: Spring Boot ::        (v2.2.2.RELEASE)

2020-02-06 21:34:56,263 INFO  [main] org.springframework.boot.StartupInfoLogger: Starting ZerodashApplicationTests on LAPTOP-T2RE67N6 with PID 11952 (started by philippe SIMO in C:\Users\philippesimo\Downloads\zerodash)
2020-02-06 21:34:56,263 DEBUG [main] org.springframework.boot.StartupInfoLogger: Running with Spring Boot v2.2.2.RELEASE, Spring v5.2.2.RELEASE
2020-02-06 21:34:56,263 INFO  [main] org.springframework.boot.SpringApplication: No active profile set, falling back to default profiles: default
2020-02-06 21:34:56,870 WARN  [main] org.apache.juli.logging.DirectJDKLog: The MBean registry cannot be disabled because it has already been initialised
2020-02-06 21:34:56.870  WARN 11952 --- [           main] org.apache.tomcat.util.modeler.Registry  : The MBean registry cannot be disabled because it has already been initialised
2020-02-06 21:34:56,870 WARN  [main] org.apache.juli.logging.DirectJDKLog: The MBean registry cannot be disabled because it has already been initialised
Hibernate: drop table zduser if exists
Hibernate: create table zduser (id integer generated by default as identity, email varchar(255), password varchar(255), phone_number varchar(255), role varchar(255), primary key (id))
2020-02-06 21:34:57.758  INFO 11952 --- [           main] c.o.m.g.b.GraphQLWebAutoConfiguration    : Building GraphQLObjectMapper including errorHandler: com.zerofiltre.zerodash.utils.error.handler.GraphQLExceptionHandler@566fd718
2020-02-06 21:34:57,758 INFO  [main] com.oembedler.moon.graphql.boot.GraphQLWebAutoConfiguration: Building GraphQLObjectMapper including errorHandler: com.zerofiltre.zerodash.utils.error.handler.GraphQLExceptionHandler@566fd718
2020-02-06 21:34:58,183 WARN  [main] org.springframework.boot.autoconfigure.orm.jpa.JpaBaseConfiguration$JpaWebConfiguration: spring.jpa.open-in-view is enabled by default. Therefore, database queries may be performed during view rendering. Explicitly configure spring.jpa.open-in-view to disable this warning
2020-02-06 21:34:58.183  WARN 11952 --- [           main] JpaBaseConfiguration$JpaWebConfiguration : spring.jpa.open-in-view is enabled by default. Therefore, database queries may be performed during view rendering. Explicitly configure spring.jpa.open-in-view to disable this warning
2020-02-06 21:34:58,183 WARN  [main] org.springframework.boot.autoconfigure.orm.jpa.JpaBaseConfiguration$JpaWebConfiguration: spring.jpa.open-in-view is enabled by default. Therefore, database queries may be performed during view rendering. Explicitly configure spring.jpa.open-in-view to disable this warning
2020-02-06 21:34:59,184 INFO  [main] org.springframework.boot.StartupInfoLogger: Started ZerodashApplicationTests in 2.967 seconds (JVM running for 92.294)
[INFO] Tests run: 1, Failures: 0, Errors: 0, Skipped: 0, Time elapsed: 3.386 s - in com.zerofiltre.zerodash.ZerodashApplicationTests
[INFO] 
[INFO] Results:
[INFO] 
[INFO] Tests run: 16, Failures: 0, Errors: 0, Skipped: 0
[INFO] 
[INFO] 
[INFO] --- maven-jar-plugin:3.1.2:jar (default-jar) @ zerodash ---
[INFO] Building jar: C:\Users\philippesimo\Downloads\zerodash\target\zerodash.jar
[INFO] 
[INFO] --- spring-boot-maven-plugin:2.2.2.RELEASE:repackage (repackage) @ zerodash ---
[INFO] Replacing main artifact with repackaged archive
[INFO] 
[INFO] --- maven-install-plugin:2.5.2:install (default-install) @ zerodash ---
[INFO] Installing C:\Users\philippesimo\Downloads\zerodash\target\zerodash.jar to C:\Users\philippesimo\.m2\repository\com\zerofiltre\zerodash\0.0.1-SNAPSHOT\zerodash-0.0.1-SNAPSHOT.jar
[INFO] Installing C:\Users\philippesimo\Downloads\zerodash\pom.xml to C:\Users\philippesimo\.m2\repository\com\zerofiltre\zerodash\0.0.1-SNAPSHOT\zerodash-0.0.1-SNAPSHOT.pom
[INFO] 
[INFO] ----------------------< com.zerofiltre:zerodash >-----------------------
[INFO] Building zerodash 0.0.1-SNAPSHOT
[INFO] --------------------------------[ jar ]---------------------------------
[INFO] 
[INFO] --- sonar-maven-plugin:3.7.0.1746:sonar (default-cli) @ zerodash ---
[INFO] User cache: C:\Users\philippesimo\.sonar\cache
[ERROR] SonarQube server [192.168.99.100:9000] can not be reached
[INFO] 
[INFO] ------------------------------------------------------------------------
[INFO] Skipping zerodash
[INFO] This project has been banned from the build due to previous failures.
[INFO] ------------------------------------------------------------------------
[INFO] ------------------------------------------------------------------------
[INFO] BUILD FAILURE
[INFO] ------------------------------------------------------------------------
[INFO] Total time:  01:59 min
[INFO] Finished at: 2020-02-06T21:35:07+01:00
[INFO] ------------------------------------------------------------------------
[ERROR] Failed to execute goal org.sonarsource.scanner.maven:sonar-maven-plugin:3.7.0.1746:sonar (default-cli) on project zerodash: Unable to execute SonarQube: Fail to get bootstrap index from server: Expected URL scheme 'http' or 'https' but no colon was found -> [Help 1]
[ERROR] 
[ERROR] To see the full stack trace of the errors, re-run Maven with the -e switch.
[ERROR] Re-run Maven using the -X switch to enable full debug logging.
[ERROR] 
[ERROR] For more information about the errors and possible solutions, please read the following articles:
[ERROR] [Help 1] http://cwiki.apache.org/confluence/display/MAVEN/MojoExecutionException
